<?xml version="1.0" encoding="UTF-8"?>
<testsuites id="0" name="Hive Test Run" tests="104" failures="27" time="">
 <testsuite id="1" name="graphql" tests="1" failures="1" time="20.153046">Test suite covering the graphql API surface.&#xA;The GraphQL tests were initially imported from the Besu codebase.
  <testcase id="1" name="client launch (besu_latest)" time="20.153046">This is a meta-test. It launches the client with the test chain&#xA;and reads the test case files. The individual test cases are run as sub-tests against&#xA;the client launched by this test.
   <failure message="Error" type="ERROR">can&#39;t launch node (type besu_latest): client did not start: timed out waiting for container startup&#xA;</failure>
  </testcase>
 </testsuite>
 <testsuite id="2" name="graphql" tests="46" failures="9" time="0.551664">Test suite covering the graphql API surface.&#xA;The GraphQL tests were initially imported from the Besu codebase.
  <testcase id="1" name="27_eth_getTransaction_byBlockHashAndIndex (go-ethereum_latest)" time="0.000584">Test case source: https://github.com/ethereum/hive/blob/master/simulators/ethereum/graphql/testcases/27_eth_getTransaction_byBlockHashAndIndex.json</testcase>
  <testcase id="2" name="05_eth_estimateGas_noParams (go-ethereum_latest)" time="0.000951">Test case source: https://github.com/ethereum/hive/blob/master/simulators/ethereum/graphql/testcases/05_eth_estimateGas_noParams.json</testcase>
  <testcase id="3" name="44_graphql_tooComplex (go-ethereum_latest)" time="0.000921">Test case source: https://github.com/ethereum/hive/blob/master/simulators/ethereum/graphql/testcases/44_graphql_tooComplex.json
   <failure message="Error" type="ERROR">HTTP response code is 200, want 400 &#xA; response body: {&#34;data&#34;:{&#34;block&#34;:{&#34;transactions&#34;:[{&#34;block&#34;:{&#34;transactions&#34;:[{&#34;block&#34;:{&#34;number&#34;:32}}]}}]}}}&#xA;Test failed.&#xA;HTTP response code: 200 OK&#xA;expected value(s):&#xA;{&#xA;  &#34;errors&#34;: [&#xA;    {&#xA;      &#34;extensions&#34;: {&#xA;        &#34;classification&#34;: &#34;ExecutionAborted&#34;&#xA;      },&#xA;      &#34;message&#34;: &#34;maximum query complexity exceeded 204 \u003e 200&#34;&#xA;    }&#xA;  ]&#xA;} &#xA;_____________________&#xA;&#xA;got: {&#xA;  &#34;data&#34;: {&#xA;    &#34;block&#34;: {&#xA;      &#34;transactions&#34;: [&#xA;        {&#xA;          &#34;block&#34;: {&#xA;            &#34;transactions&#34;: [&#xA;              {&#xA;                &#34;block&#34;: {&#xA;                  &#34;number&#34;: 32&#xA;                }&#xA;              }&#xA;            ]&#xA;          }&#xA;        }&#xA;      ]&#xA;    }&#xA;  }&#xA;}&#xA;</failure>
  </testcase>
  <testcase id="4" name="07_eth_gasPrice (go-ethereum_latest)" time="0.000953">Test case source: https://github.com/ethereum/hive/blob/master/simulators/ethereum/graphql/testcases/07_eth_gasPrice.json
   <failure message="Error" type="ERROR">Test failed.&#xA;HTTP response code: 200 OK&#xA;expected value(s):&#xA;{&#xA;  &#34;data&#34;: {&#xA;    &#34;gasPrice&#34;: &#34;0x10&#34;&#xA;  }&#xA;} &#xA;_____________________&#xA;&#xA;{&#xA;  &#34;data&#34;: {&#xA;    &#34;gasPrice&#34;: &#34;0x1&#34;&#xA;  }&#xA;} &#xA;_____________________&#xA;&#xA;got: {&#xA;  &#34;data&#34;: {&#xA;    &#34;gasPrice&#34;: &#34;0x3b9aca000&#34;&#xA;  }&#xA;}&#xA;</failure>
  </testcase>
  <testcase id="5" name="11_eth_getBalance_latest (go-ethereum_latest)" time="0.000636">Test case source: https://github.com/ethereum/hive/blob/master/simulators/ethereum/graphql/testcases/11_eth_getBalance_latest.json</testcase>
  <testcase id="6" name="17_eth_getBlock_byNumberInvalid (go-ethereum_latest)" time="0.000746">Test case source: https://github.com/ethereum/hive/blob/master/simulators/ethereum/graphql/testcases/17_eth_getBlock_byNumberInvalid.json
   <failure message="Error" type="ERROR">HTTP response code is 200, want 400 &#xA; response body: {&#34;data&#34;:{&#34;block&#34;:null}}&#xA;</failure>
  </testcase>
  <testcase id="7" name="26_eth_getStorageAt (go-ethereum_latest)" time="0.000563">Test case source: https://github.com/ethereum/hive/blob/master/simulators/ethereum/graphql/testcases/26_eth_getStorageAt.json</testcase>
  <testcase id="8" name="32_eth_getTransactionCount (go-ethereum_latest)" time="0.000946">Test case source: https://github.com/ethereum/hive/blob/master/simulators/ethereum/graphql/testcases/32_eth_getTransactionCount.json</testcase>
  <testcase id="9" name="35_graphql_pending (go-ethereum_latest)" time="0.001073">Test case source: https://github.com/ethereum/hive/blob/master/simulators/ethereum/graphql/testcases/35_graphql_pending.json
   <failure message="Error" type="ERROR">Test failed.&#xA;HTTP response code: 200 OK&#xA;expected value(s):&#xA;{&#xA;  &#34;data&#34;: {&#xA;    &#34;pending&#34;: {&#xA;      &#34;account&#34;: {&#xA;        &#34;balance&#34;: &#34;0x140&#34;&#xA;      },&#xA;      &#34;call&#34;: {&#xA;        &#34;data&#34;: &#34;0x0000000000000000000000000000000000000000000000000000000000000001&#34;,&#xA;        &#34;status&#34;: 1&#xA;      },&#xA;      &#34;estimateGas&#34;: 21000,&#xA;      &#34;transactionCount&#34;: 1,&#xA;      &#34;transactions&#34;: [&#xA;        {&#xA;          &#34;gas&#34;: 1048575,&#xA;          &#34;nonce&#34;: 50&#xA;        }&#xA;      ]&#xA;    }&#xA;  }&#xA;} &#xA;_____________________&#xA;&#xA;got: {&#xA;  &#34;data&#34;: {&#xA;    &#34;pending&#34;: {&#xA;      &#34;account&#34;: {&#xA;        &#34;balance&#34;: &#34;0x140&#34;&#xA;      },&#xA;      &#34;call&#34;: {&#xA;        &#34;data&#34;: &#34;0x0000000000000000000000000000000000000000000000000000000000000001&#34;,&#xA;        &#34;status&#34;: 1&#xA;      },&#xA;      &#34;estimateGas&#34;: 21000,&#xA;      &#34;transactionCount&#34;: 0,&#xA;      &#34;transactions&#34;: []&#xA;    }&#xA;  }&#xA;}&#xA;</failure>
  </testcase>
  <testcase id="10" name="38_eth_sendRawTransaction_transferEther (go-ethereum_latest)" time="0.000751">Test case source: https://github.com/ethereum/hive/blob/master/simulators/ethereum/graphql/testcases/38_eth_sendRawTransaction_transferEther.json
   <failure message="Error" type="ERROR">HTTP response code is 400, want 200 &#xA; response body: {&#34;errors&#34;:[{&#34;message&#34;:&#34;replacement transaction underpriced&#34;,&#34;path&#34;:[&#34;sendRawTransaction&#34;]}],&#34;data&#34;:null}&#xA;</failure>
  </testcase>
  <testcase id="11" name="39_eth_sendRawTransaction_unsignedTransaction (go-ethereum_latest)" time="0.0006">Test case source: https://github.com/ethereum/hive/blob/master/simulators/ethereum/graphql/testcases/39_eth_sendRawTransaction_unsignedTransaction.json</testcase>
  <testcase id="12" name="06_eth_estimateGas_transfer (go-ethereum_latest)" time="0.000879">Test case source: https://github.com/ethereum/hive/blob/master/simulators/ethereum/graphql/testcases/06_eth_estimateGas_transfer.json</testcase>
  <testcase id="13" name="09_eth_getBalance_invalidAccountBlockNumber (go-ethereum_latest)" time="0.000614">Test case source: https://github.com/ethereum/hive/blob/master/simulators/ethereum/graphql/testcases/09_eth_getBalance_invalidAccountBlockNumber.json</testcase>
  <testcase id="14" name="15_eth_getBlock_byHashInvalid (go-ethereum_latest)" time="0.00106">Test case source: https://github.com/ethereum/hive/blob/master/simulators/ethereum/graphql/testcases/15_eth_getBlock_byHashInvalid.json</testcase>
  <testcase id="15" name="19_eth_getBlockTransactionCount_byHash (go-ethereum_latest)" time="0.000673">Test case source: https://github.com/ethereum/hive/blob/master/simulators/ethereum/graphql/testcases/19_eth_getBlockTransactionCount_byHash.json</testcase>
  <testcase id="16" name="22_eth_getCode (go-ethereum_latest)" time="0.00077">Test case source: https://github.com/ethereum/hive/blob/master/simulators/ethereum/graphql/testcases/22_eth_getCode.json</testcase>
  <testcase id="17" name="30_eth_getTransaction_byHash (go-ethereum_latest)" time="0.001178">Test case source: https://github.com/ethereum/hive/blob/master/simulators/ethereum/graphql/testcases/30_eth_getTransaction_byHash.json
   <failure message="Error" type="ERROR">Test failed.&#xA;HTTP response code: 200 OK&#xA;expected value(s):&#xA;{&#xA;  &#34;data&#34;: {&#xA;    &#34;transaction&#34;: {&#xA;      &#34;block&#34;: {&#xA;        &#34;hash&#34;: &#34;0xc8df1f061abb4d0c107b2b1a794ade8780b3120e681f723fe55a7be586d95ba6&#34;&#xA;      },&#xA;      &#34;createdContract&#34;: null,&#xA;      &#34;from&#34;: {&#xA;        &#34;address&#34;: &#34;0xa94f5374fce5edbc8e2a8697c15331677e6ebf0b&#34;&#xA;      },&#xA;      &#34;gas&#34;: 314159,&#xA;      &#34;gasPrice&#34;: &#34;0x1&#34;,&#xA;      &#34;hash&#34;: &#34;0x9cc6c7e602c56aa30c554bb691377f8703d778cec8845f4b88c0f72516b304f4&#34;,&#xA;      &#34;index&#34;: 0,&#xA;      &#34;inputData&#34;: &#34;0xe8beef5b&#34;,&#xA;      &#34;logs&#34;: [&#xA;        {&#xA;          &#34;index&#34;: 0&#xA;        }&#xA;      ],&#xA;      &#34;nonce&#34;: 29,&#xA;      &#34;status&#34;: null,&#xA;      &#34;to&#34;: {&#xA;        &#34;address&#34;: &#34;0x6295ee1b4f6dd65047762f924ecd367c17eabf8f&#34;&#xA;      },&#xA;      &#34;value&#34;: &#34;0xa&#34;&#xA;    }&#xA;  }&#xA;} &#xA;_____________________&#xA;&#xA;{&#xA;  &#34;data&#34;: {&#xA;    &#34;transaction&#34;: {&#xA;      &#34;block&#34;: {&#xA;        &#34;hash&#34;: &#34;0xc8df1f061abb4d0c107b2b1a794ade8780b3120e681f723fe55a7be586d95ba6&#34;&#xA;      },&#xA;      &#34;createdContract&#34;: null,&#xA;      &#34;from&#34;: {&#xA;        &#34;address&#34;: &#34;0xa94f5374fce5edbc8e2a8697c15331677e6ebf0b&#34;&#xA;      },&#xA;      &#34;gas&#34;: &#34;0x4cb2f&#34;,&#xA;      &#34;gasPrice&#34;: &#34;0x1&#34;,&#xA;      &#34;hash&#34;: &#34;0x9cc6c7e602c56aa30c554bb691377f8703d778cec8845f4b88c0f72516b304f4&#34;,&#xA;      &#34;index&#34;: 0,&#xA;      &#34;inputData&#34;: &#34;0xe8beef5b&#34;,&#xA;      &#34;logs&#34;: [&#xA;        {&#xA;          &#34;index&#34;: 0&#xA;        }&#xA;      ],&#xA;      &#34;nonce&#34;: &#34;0x1d&#34;,&#xA;      &#34;status&#34;: 0,&#xA;      &#34;to&#34;: {&#xA;        &#34;address&#34;: &#34;0x6295ee1b4f6dd65047762f924ecd367c17eabf8f&#34;&#xA;      },&#xA;      &#34;value&#34;: &#34;0xa&#34;&#xA;    }&#xA;  }&#xA;} &#xA;_____________________&#xA;&#xA;got: {&#xA;  &#34;data&#34;: {&#xA;    &#34;transaction&#34;: {&#xA;      &#34;block&#34;: {&#xA;        &#34;hash&#34;: &#34;0xc8df1f061abb4d0c107b2b1a794ade8780b3120e681f723fe55a7be586d95ba6&#34;&#xA;      },&#xA;      &#34;createdContract&#34;: null,&#xA;      &#34;from&#34;: {&#xA;        &#34;address&#34;: &#34;0xa94f5374fce5edbc8e2a8697c15331677e6ebf0b&#34;&#xA;      },&#xA;      &#34;gas&#34;: &#34;0x4cb2f&#34;,&#xA;      &#34;gasPrice&#34;: &#34;0x1&#34;,&#xA;      &#34;hash&#34;: &#34;0x9cc6c7e602c56aa30c554bb691377f8703d778cec8845f4b88c0f72516b304f4&#34;,&#xA;      &#34;index&#34;: 0,&#xA;      &#34;inputData&#34;: &#34;0xe8beef5b&#34;,&#xA;      &#34;logs&#34;: [&#xA;        {&#xA;          &#34;index&#34;: 0&#xA;        }&#xA;      ],&#xA;      &#34;nonce&#34;: &#34;0x1d&#34;,&#xA;      &#34;status&#34;: null,&#xA;      &#34;to&#34;: {&#xA;        &#34;address&#34;: &#34;0x6295ee1b4f6dd65047762f924ecd367c17eabf8f&#34;&#xA;      },&#xA;      &#34;value&#34;: &#34;0xa&#34;&#xA;    }&#xA;  }&#xA;}&#xA;</failure>
  </testcase>
  <testcase id="18" name="33_eth_getTransactionReceipt (go-ethereum_latest)" time="0.000979">Test case source: https://github.com/ethereum/hive/blob/master/simulators/ethereum/graphql/testcases/33_eth_getTransactionReceipt.json</testcase>
  <testcase id="19" name="12_eth_getBalance_toobig_bn (go-ethereum_latest)" time="0.000586">Test case source: https://github.com/ethereum/hive/blob/master/simulators/ethereum/graphql/testcases/12_eth_getBalance_toobig_bn.json
   <failure message="Error" type="ERROR">HTTP response code is 200, want 400 &#xA; response body: {&#34;data&#34;:{&#34;block&#34;:null}}&#xA;</failure>
  </testcase>
  <testcase id="20" name="24_eth_getLogs_range (go-ethereum_latest)" time="0.000945">Test case source: https://github.com/ethereum/hive/blob/master/simulators/ethereum/graphql/testcases/24_eth_getLogs_range.json</testcase>
  <testcase id="21" name="25_eth_getStorageAt_illegalRangeGreaterThan (go-ethereum_latest)" time="0.000601">Test case source: https://github.com/ethereum/hive/blob/master/simulators/ethereum/graphql/testcases/25_eth_getStorageAt_illegalRangeGreaterThan.json</testcase>
  <testcase id="22" name="20_eth_getBlockTransactionCount_byNumber (go-ethereum_latest)" time="0.00084">Test case source: https://github.com/ethereum/hive/blob/master/simulators/ethereum/graphql/testcases/20_eth_getBlockTransactionCount_byNumber.json</testcase>
  <testcase id="23" name="31_eth_getTransaction_byHashNull (go-ethereum_latest)" time="0.000521">Test case source: https://github.com/ethereum/hive/blob/master/simulators/ethereum/graphql/testcases/31_eth_getTransaction_byHashNull.json</testcase>
  <testcase id="24" name="34_eth_sendRawTransaction_contractCreation (go-ethereum_latest)" time="0.001012">Test case source: https://github.com/ethereum/hive/blob/master/simulators/ethereum/graphql/testcases/34_eth_sendRawTransaction_contractCreation.json</testcase>
  <testcase id="25" name="41_graphql_blocks_byFrom (go-ethereum_latest)" time="0.0006">Test case source: https://github.com/ethereum/hive/blob/master/simulators/ethereum/graphql/testcases/41_graphql_blocks_byFrom.json</testcase>
  <testcase id="26" name="04_eth_estimateGas_contractDeploy (go-ethereum_latest)" time="0.001183">Test case source: https://github.com/ethereum/hive/blob/master/simulators/ethereum/graphql/testcases/04_eth_estimateGas_contractDeploy.json</testcase>
  <testcase id="27" name="13_eth_getBalance_without_addr (go-ethereum_latest)" time="0.000704">Test case source: https://github.com/ethereum/hive/blob/master/simulators/ethereum/graphql/testcases/13_eth_getBalance_without_addr.json</testcase>
  <testcase id="28" name="14_eth_getBlock_byHash (go-ethereum_latest)" time="0.001082">Test case source: https://github.com/ethereum/hive/blob/master/simulators/ethereum/graphql/testcases/14_eth_getBlock_byHash.json</testcase>
  <testcase id="29" name="21_eth_getCode_noCode (go-ethereum_latest)" time="0.000521">Test case source: https://github.com/ethereum/hive/blob/master/simulators/ethereum/graphql/testcases/21_eth_getCode_noCode.json</testcase>
  <testcase id="30" name="02_eth_call_Block8 (go-ethereum_latest)" time="0.000878">Test case source: https://github.com/ethereum/hive/blob/master/simulators/ethereum/graphql/testcases/02_eth_call_Block8.json</testcase>
  <testcase id="31" name="29_eth_getTransaction_byBlockNumberAndInvalidIndex (go-ethereum_latest)" time="0.001355">Test case source: https://github.com/ethereum/hive/blob/master/simulators/ethereum/graphql/testcases/29_eth_getTransaction_byBlockNumberAndInvalidIndex.json</testcase>
  <testcase id="32" name="36_eth_sendRawTransaction_messageCall (go-ethereum_latest)" time="0.001095">Test case source: https://github.com/ethereum/hive/blob/master/simulators/ethereum/graphql/testcases/36_eth_sendRawTransaction_messageCall.json</testcase>
  <testcase id="33" name="18_eth_getBlock_wrongParams (go-ethereum_latest)" time="0.000835">Test case source: https://github.com/ethereum/hive/blob/master/simulators/ethereum/graphql/testcases/18_eth_getBlock_wrongParams.json</testcase>
  <testcase id="34" name="28_eth_getTransaction_byBlockNumberAndIndex (go-ethereum_latest)" time="0.000611">Test case source: https://github.com/ethereum/hive/blob/master/simulators/ethereum/graphql/testcases/28_eth_getTransaction_byBlockNumberAndIndex.json</testcase>
  <testcase id="35" name="37_eth_sendRawTransaction_nonceTooLow (go-ethereum_latest)" time="0.000658">Test case source: https://github.com/ethereum/hive/blob/master/simulators/ethereum/graphql/testcases/37_eth_sendRawTransaction_nonceTooLow.json</testcase>
  <testcase id="36" name="40_eth_syncing (go-ethereum_latest)" time="0.000726">Test case source: https://github.com/ethereum/hive/blob/master/simulators/ethereum/graphql/testcases/40_eth_syncing.json
   <failure message="Error" type="ERROR">HTTP response code is 400, want 200 &#xA; response body: {&#34;errors&#34;:[{&#34;message&#34;:&#34;Cannot query field \&#34;pulledStates\&#34; on type \&#34;SyncState\&#34;.&#34;,&#34;locations&#34;:[{&#34;line&#34;:1,&#34;column&#34;:52}]},{&#34;message&#34;:&#34;Cannot query field \&#34;knownStates\&#34; on type \&#34;SyncState\&#34;.&#34;,&#34;locations&#34;:[{&#34;line&#34;:1,&#34;column&#34;:65}]}]}&#xA;</failure>
  </testcase>
  <testcase id="37" name="43_graphql_blocks_byWrongRange (go-ethereum_latest)" time="0.000632">Test case source: https://github.com/ethereum/hive/blob/master/simulators/ethereum/graphql/testcases/43_graphql_blocks_byWrongRange.json</testcase>
  <testcase id="38" name="45_graphql_tooComplexSchema (go-ethereum_latest)" time="0.003998">Test case source: https://github.com/ethereum/hive/blob/master/simulators/ethereum/graphql/testcases/45_graphql_tooComplexSchema.json
   <failure message="Error" type="ERROR">HTTP response code is 200, want 400 &#xA; response body: {&#34;data&#34;:{&#34;__schema&#34;:{&#34;types&#34;:[{&#34;fields&#34;:[{&#34;type&#34;:{&#34;fields&#34;:null}},{&#34;type&#34;:{&#34;fields&#34;:null}}]},{&#34;fields&#34;:[{&#34;type&#34;:{&#34;fields&#34;:null}},{&#34;type&#34;:{&#34;fields&#34;:null}},{&#34;type&#34;:{&#34;fields&#34;:null}},{&#34;type&#34;:{&#34;fields&#34;:null}},{&#34;type&#34;:{&#34;fields&#34;:null}}]},{&#34;fields&#34;:null},{&#34;fields&#34;:null},{&#34;fields&#34;:[{&#34;type&#34;:{&#34;fields&#34;:null}},{&#34;type&#34;:{&#34;fields&#34;:null}},{&#34;type&#34;:{&#34;fields&#34;:[{&#34;name&#34;:&#34;number&#34;},{&#34;name&#34;:&#34;hash&#34;},{&#34;name&#34;:&#34;parent&#34;},{&#34;name&#34;:&#34;nonce&#34;},{&#34;name&#34;:&#34;transactionsRoot&#34;},{&#34;name&#34;:&#34;transactionCount&#34;},{&#34;name&#34;:&#34;stateRoot&#34;},{&#34;name&#34;:&#34;receiptsRoot&#34;},{&#34;name&#34;:&#34;miner&#34;},{&#34;name&#34;:&#34;extraData&#34;},{&#34;name&#34;:&#34;gasLimit&#34;},{&#34;name&#34;:&#34;gasUsed&#34;},{&#34;name&#34;:&#34;baseFeePerGas&#34;},{&#34;name&#34;:&#34;nextBaseFeePerGas&#34;},{&#34;name&#34;:&#34;timestamp&#34;},{&#34;name&#34;:&#34;logsBloom&#34;},{&#34;name&#34;:&#34;mixHash&#34;},{&#34;name&#34;:&#34;difficulty&#34;},{&#34;name&#34;:&#34;totalDifficulty&#34;},{&#34;name&#34;:&#34;ommerCount&#34;},{&#34;name&#34;:&#34;ommers&#34;},{&#34;name&#34;:&#34;ommerAt&#34;},{&#34;name&#34;:&#34;ommerHash&#34;},{&#34;name&#34;:&#34;transactions&#34;},{&#34;name&#34;:&#34;transactionAt&#34;},{&#34;name&#34;:&#34;logs&#34;},{&#34;name&#34;:&#34;account&#34;},{&#34;name&#34;:&#34;call&#34;},{&#34;name&#34;:&#34;estimateGas&#34;},{&#34;name&#34;:&#34;rawHeader&#34;},{&#34;name&#34;:&#34;raw&#34;}]}},{&#34;type&#34;:{&#34;fields&#34;:null}},{&#34;type&#34;:{&#34;fields&#34;:null}},{&#34;type&#34;:{&#34;fields&#34;:null}},{&#34;type&#34;:{&#34;fields&#34;:null}},{&#34;type&#34;:{&#34;fields&#34;:null}},{&#34;type&#34;:{&#34;fields&#34;:null}},{&#34;type&#34;:{&#34;fields&#34;:null}},{&#34;type&#34;:{&#34;fields&#34;:null}},{&#34;type&#34;:{&#34;fields&#34;:null}},{&#34;type&#34;:{&#34;fields&#34;:null}},{&#34;type&#34;:{&#34;fields&#34;:null}},{&#34;type&#34;:{&#34;fields&#34;:null}},{&#34;type&#34;:{&#34;fields&#34;:null}},{&#34;type&#34;:{&#34;fields&#34;:null}},{&#34;type&#34;:{&#34;fields&#34;:null}},{&#34;type&#34;:{&#34;fields&#34;:null}},{&#34;type&#34;:{&#34;fields&#34;:null}},{&#34;type&#34;:{&#34;fields&#34;:null}},{&#34;type&#34;:{&#34;fields&#34;:[{&#34;name&#34;:&#34;number&#34;},{&#34;name&#34;:&#34;hash&#34;},{&#34;name&#34;:&#34;parent&#34;},{&#34;name&#34;:&#34;nonce&#34;},{&#34;name&#34;:&#34;transactionsRoot&#34;},{&#34;name&#34;:&#34;transactionCount&#34;},{&#34;name&#34;:&#34;stateRoot&#34;},{&#34;name&#34;:&#34;receiptsRoot&#34;},{&#34;name&#34;:&#34;miner&#34;},{&#34;name&#34;:&#34;extraData&#34;},{&#34;name&#34;:&#34;gasLimit&#34;},{&#34;name&#34;:&#34;gasUsed&#34;},{&#34;name&#34;:&#34;baseFeePerGas&#34;},{&#34;name&#34;:&#34;nextBaseFeePerGas&#34;},{&#34;name&#34;:&#34;timestamp&#34;},{&#34;name&#34;:&#34;logsBloom&#34;},{&#34;name&#34;:&#34;mixHash&#34;},{&#34;name&#34;:&#34;difficulty&#34;},{&#34;name&#34;:&#34;totalDifficulty&#34;},{&#34;name&#34;:&#34;ommerCount&#34;},{&#34;name&#34;:&#34;ommers&#34;},{&#34;name&#34;:&#34;ommerAt&#34;},{&#34;name&#34;:&#34;ommerHash&#34;},{&#34;name&#34;:&#34;transactions&#34;},{&#34;name&#34;:&#34;transactionAt&#34;},{&#34;name&#34;:&#34;logs&#34;},{&#34;name&#34;:&#34;account&#34;},{&#34;name&#34;:&#34;call&#34;},{&#34;name&#34;:&#34;estimateGas&#34;},{&#34;name&#34;:&#34;rawHeader&#34;},{&#34;name&#34;:&#34;raw&#34;}]}},{&#34;type&#34;:{&#34;fields&#34;:null}},{&#34;type&#34;:{&#34;fields&#34;:null}},{&#34;type&#34;:{&#34;fields&#34;:[{&#34;name&#34;:&#34;hash&#34;},{&#34;name&#34;:&#34;nonce&#34;},{&#34;name&#34;:&#34;index&#34;},{&#34;name&#34;:&#34;from&#34;},{&#34;name&#34;:&#34;to&#34;},{&#34;name&#34;:&#34;value&#34;},{&#34;name&#34;:&#34;gasPrice&#34;},{&#34;name&#34;:&#34;maxFeePerGas&#34;},{&#34;name&#34;:&#34;maxPriorityFeePerGas&#34;},{&#34;name&#34;:&#34;effectiveTip&#34;},{&#34;name&#34;:&#34;gas&#34;},{&#34;name&#34;:&#34;inputData&#34;},{&#34;name&#34;:&#34;block&#34;},{&#34;name&#34;:&#34;status&#34;},{&#34;name&#34;:&#34;gasUsed&#34;},{&#34;name&#34;:&#34;cumulativeGasUsed&#34;},{&#34;name&#34;:&#34;effectiveGasPrice&#34;},{&#34;name&#34;:&#34;createdContract&#34;},{&#34;name&#34;:&#34;logs&#34;},{&#34;name&#34;:&#34;r&#34;},{&#34;name&#34;:&#34;s&#34;},{&#34;name&#34;:&#34;v&#34;},{&#34;name&#34;:&#34;type&#34;},{&#34;name&#34;:&#34;accessList&#34;},{&#34;name&#34;:&#34;raw&#34;},{&#34;name&#34;:&#34;rawReceipt&#34;}]}},{&#34;type&#34;:{&#34;fields&#34;:null}},{&#34;type&#34;:{&#34;fields&#34;:null}},{&#34;type&#34;:{&#34;fields&#34;:[{&#34;name&#34;:&#34;data&#34;},{&#34;name&#34;:&#34;gasUsed&#34;},{&#34;name&#34;:&#34;status&#34;}]}},{&#34;type&#34;:{&#34;fields&#34;:null}},{&#34;type&#34;:{&#34;fields&#34;:null}},{&#34;type&#34;:{&#34;fields&#34;:null}}]},{&#34;fields&#34;:null},{&#34;fields&#34;:null},{&#34;fields&#34;:null},{&#34;fields&#34;:null},{&#34;fields&#34;:null},{&#34;fields&#34;:[{&#34;type&#34;:{&#34;fields&#34;:null}},{&#34;type&#34;:{&#34;fields&#34;:null}},{&#34;type&#34;:{&#34;fields&#34;:null}}]},{&#34;fields&#34;:null},{&#34;fields&#34;:null},{&#34;fields&#34;:null},{&#34;fields&#34;:null},{&#34;fields&#34;:[{&#34;type&#34;:{&#34;fields&#34;:null}},{&#34;type&#34;:{&#34;fields&#34;:null}},{&#34;type&#34;:{&#34;fields&#34;:null}},{&#34;type&#34;:{&#34;fields&#34;:null}},{&#34;type&#34;:{&#34;fields&#34;:null}}]},{&#34;fields&#34;:null},{&#34;fields&#34;:[{&#34;type&#34;:{&#34;fields&#34;:null}}]},{&#34;fields&#34;:[{&#34;type&#34;:{&#34;fields&#34;:null}},{&#34;type&#34;:{&#34;fields&#34;:null}},{&#34;type&#34;:{&#34;fields&#34;:null}},{&#34;type&#34;:{&#34;fields&#34;:[{&#34;name&#34;:&#34;data&#34;},{&#34;name&#34;:&#34;gasUsed&#34;},{&#34;name&#34;:&#34;status&#34;}]}},{&#34;type&#34;:{&#34;fields&#34;:null}}]},{&#34;fields&#34;:[{&#34;type&#34;:{&#34;fields&#34;:[{&#34;name&#34;:&#34;number&#34;},{&#34;name&#34;:&#34;hash&#34;},{&#34;name&#34;:&#34;parent&#34;},{&#34;name&#34;:&#34;nonce&#34;},{&#34;name&#34;:&#34;transactionsRoot&#34;},{&#34;name&#34;:&#34;transactionCount&#34;},{&#34;name&#34;:&#34;stateRoot&#34;},{&#34;name&#34;:&#34;receiptsRoot&#34;},{&#34;name&#34;:&#34;miner&#34;},{&#34;name&#34;:&#34;extraData&#34;},{&#34;name&#34;:&#34;gasLimit&#34;},{&#34;name&#34;:&#34;gasUsed&#34;},{&#34;name&#34;:&#34;baseFeePerGas&#34;},{&#34;name&#34;:&#34;nextBaseFeePerGas&#34;},{&#34;name&#34;:&#34;timestamp&#34;},{&#34;name&#34;:&#34;logsBloom&#34;},{&#34;name&#34;:&#34;mixHash&#34;},{&#34;name&#34;:&#34;difficulty&#34;},{&#34;name&#34;:&#34;totalDifficulty&#34;},{&#34;name&#34;:&#34;ommerCount&#34;},{&#34;name&#34;:&#34;ommers&#34;},{&#34;name&#34;:&#34;ommerAt&#34;},{&#34;name&#34;:&#34;ommerHash&#34;},{&#34;name&#34;:&#34;transactions&#34;},{&#34;name&#34;:&#34;transactionAt&#34;},{&#34;name&#34;:&#34;logs&#34;},{&#34;name&#34;:&#34;account&#34;},{&#34;name&#34;:&#34;call&#34;},{&#34;name&#34;:&#34;estimateGas&#34;},{&#34;name&#34;:&#34;rawHeader&#34;},{&#34;name&#34;:&#34;raw&#34;}]}},{&#34;type&#34;:{&#34;fields&#34;:null}},{&#34;type&#34;:{&#34;fields&#34;:null}},{&#34;type&#34;:{&#34;fields&#34;:[{&#34;name&#34;:&#34;hash&#34;},{&#34;name&#34;:&#34;nonce&#34;},{&#34;name&#34;:&#34;index&#34;},{&#34;name&#34;:&#34;from&#34;},{&#34;name&#34;:&#34;to&#34;},{&#34;name&#34;:&#34;value&#34;},{&#34;name&#34;:&#34;gasPrice&#34;},{&#34;name&#34;:&#34;maxFeePerGas&#34;},{&#34;name&#34;:&#34;maxPriorityFeePerGas&#34;},{&#34;name&#34;:&#34;effectiveTip&#34;},{&#34;name&#34;:&#34;gas&#34;},{&#34;name&#34;:&#34;inputData&#34;},{&#34;name&#34;:&#34;block&#34;},{&#34;name&#34;:&#34;status&#34;},{&#34;name&#34;:&#34;gasUsed&#34;},{&#34;name&#34;:&#34;cumulativeGasUsed&#34;},{&#34;name&#34;:&#34;effectiveGasPrice&#34;},{&#34;name&#34;:&#34;createdContract&#34;},{&#34;name&#34;:&#34;logs&#34;},{&#34;name&#34;:&#34;r&#34;},{&#34;name&#34;:&#34;s&#34;},{&#34;name&#34;:&#34;v&#34;},{&#34;name&#34;:&#34;type&#34;},{&#34;name&#34;:&#34;accessList&#34;},{&#34;name&#34;:&#34;raw&#34;},{&#34;name&#34;:&#34;rawReceipt&#34;}]}},{&#34;type&#34;:{&#34;fields&#34;:null}},{&#34;type&#34;:{&#34;fields&#34;:null}},{&#34;type&#34;:{&#34;fields&#34;:null}},{&#34;type&#34;:{&#34;fields&#34;:[{&#34;name&#34;:&#34;startingBlock&#34;},{&#34;name&#34;:&#34;currentBlock&#34;},{&#34;name&#34;:&#34;highestBlock&#34;}]}},{&#34;type&#34;:{&#34;fields&#34;:null}}]},{&#34;fields&#34;:null},{&#34;fields&#34;:[{&#34;type&#34;:{&#34;fields&#34;:null}},{&#34;type&#34;:{&#34;fields&#34;:null}},{&#34;type&#34;:{&#34;fields&#34;:null}}]},{&#34;fields&#34;:[{&#34;type&#34;:{&#34;fields&#34;:null}},{&#34;type&#34;:{&#34;fields&#34;:null}},{&#34;type&#34;:{&#34;fields&#34;:null}},{&#34;type&#34;:{&#34;fields&#34;:null}},{&#34;type&#34;:{&#34;fields&#34;:[{&#34;name&#34;:&#34;address&#34;},{&#34;name&#34;:&#34;balance&#34;},{&#34;name&#34;:&#34;transactionCount&#34;},{&#34;name&#34;:&#34;code&#34;},{&#34;name&#34;:&#34;storage&#34;}]}},{&#34;type&#34;:{&#34;fields&#34;:null}},{&#34;type&#34;:{&#34;fields&#34;:null}},{&#34;type&#34;:{&#34;fields&#34;:null}},{&#34;type&#34;:{&#34;fields&#34;:null}},{&#34;type&#34;:{&#34;fields&#34;:null}},{&#34;type&#34;:{&#34;fields&#34;:null}},{&#34;type&#34;:{&#34;fields&#34;:null}},{&#34;type&#34;:{&#34;fields&#34;:[{&#34;name&#34;:&#34;number&#34;},{&#34;name&#34;:&#34;hash&#34;},{&#34;name&#34;:&#34;parent&#34;},{&#34;name&#34;:&#34;nonce&#34;},{&#34;name&#34;:&#34;transactionsRoot&#34;},{&#34;name&#34;:&#34;transactionCount&#34;},{&#34;name&#34;:&#34;stateRoot&#34;},{&#34;name&#34;:&#34;receiptsRoot&#34;},{&#34;name&#34;:&#34;miner&#34;},{&#34;name&#34;:&#34;extraData&#34;},{&#34;name&#34;:&#34;gasLimit&#34;},{&#34;name&#34;:&#34;gasUsed&#34;},{&#34;name&#34;:&#34;baseFeePerGas&#34;},{&#34;name&#34;:&#34;nextBaseFeePerGas&#34;},{&#34;name&#34;:&#34;timestamp&#34;},{&#34;name&#34;:&#34;logsBloom&#34;},{&#34;name&#34;:&#34;mixHash&#34;},{&#34;name&#34;:&#34;difficulty&#34;},{&#34;name&#34;:&#34;totalDifficulty&#34;},{&#34;name&#34;:&#34;ommerCount&#34;},{&#34;name&#34;:&#34;ommers&#34;},{&#34;name&#34;:&#34;ommerAt&#34;},{&#34;name&#34;:&#34;ommerHash&#34;},{&#34;name&#34;:&#34;transactions&#34;},{&#34;name&#34;:&#34;transactionAt&#34;},{&#34;name&#34;:&#34;logs&#34;},{&#34;name&#34;:&#34;account&#34;},{&#34;name&#34;:&#34;call&#34;},{&#34;name&#34;:&#34;estimateGas&#34;},{&#34;name&#34;:&#34;rawHeader&#34;},{&#34;name&#34;:&#34;raw&#34;}]}},{&#34;type&#34;:{&#34;fields&#34;:null}},{&#34;type&#34;:{&#34;fields&#34;:null}},{&#34;type&#34;:{&#34;fields&#34;:null}},{&#34;type&#34;:{&#34;fields&#34;:null}},{&#34;type&#34;:{&#34;fields&#34;:[{&#34;name&#34;:&#34;address&#34;},{&#34;name&#34;:&#34;balance&#34;},{&#34;name&#34;:&#34;transactionCount&#34;},{&#34;name&#34;:&#34;code&#34;},{&#34;name&#34;:&#34;storage&#34;}]}},{&#34;type&#34;:{&#34;fields&#34;:null}},{&#34;type&#34;:{&#34;fields&#34;:null}},{&#34;type&#34;:{&#34;fields&#34;:null}},{&#34;type&#34;:{&#34;fields&#34;:null}},{&#34;type&#34;:{&#34;fields&#34;:null}},{&#34;type&#34;:{&#34;fields&#34;:null}},{&#34;type&#34;:{&#34;fields&#34;:null}},{&#34;type&#34;:{&#34;fields&#34;:null}}]},{&#34;fields&#34;:[{&#34;type&#34;:{&#34;fields&#34;:null}},{&#34;type&#34;:{&#34;fields&#34;:null}},{&#34;type&#34;:{&#34;fields&#34;:null}},{&#34;type&#34;:{&#34;fields&#34;:null}}]},{&#34;fields&#34;:null},{&#34;fields&#34;:[{&#34;type&#34;:{&#34;fields&#34;:null}},{&#34;type&#34;:{&#34;fields&#34;:null}},{&#34;type&#34;:{&#34;fields&#34;:null}},{&#34;type&#34;:{&#34;fields&#34;:null}}]},{&#34;fields&#34;:[{&#34;type&#34;:{&#34;fields&#34;:null}},{&#34;type&#34;:{&#34;fields&#34;:null}},{&#34;type&#34;:{&#34;fields&#34;:null}},{&#34;type&#34;:{&#34;fields&#34;:null}},{&#34;type&#34;:{&#34;fields&#34;:null}},{&#34;type&#34;:{&#34;fields&#34;:null}}]},{&#34;fields&#34;:[{&#34;type&#34;:{&#34;fields&#34;:null}},{&#34;type&#34;:{&#34;fields&#34;:null}},{&#34;type&#34;:{&#34;fields&#34;:null}},{&#34;type&#34;:{&#34;fields&#34;:null}}]},{&#34;fields&#34;:[{&#34;type&#34;:{&#34;fields&#34;:null}},{&#34;type&#34;:{&#34;fields&#34;:null}},{&#34;type&#34;:{&#34;fields&#34;:[{&#34;name&#34;:&#34;kind&#34;},{&#34;name&#34;:&#34;name&#34;},{&#34;name&#34;:&#34;description&#34;},{&#34;name&#34;:&#34;fields&#34;},{&#34;name&#34;:&#34;interfaces&#34;},{&#34;name&#34;:&#34;possibleTypes&#34;},{&#34;name&#34;:&#34;enumValues&#34;},{&#34;name&#34;:&#34;inputFields&#34;},{&#34;name&#34;:&#34;ofType&#34;}]}},{&#34;type&#34;:{&#34;fields&#34;:[{&#34;name&#34;:&#34;kind&#34;},{&#34;name&#34;:&#34;name&#34;},{&#34;name&#34;:&#34;description&#34;},{&#34;name&#34;:&#34;fields&#34;},{&#34;name&#34;:&#34;interfaces&#34;},{&#34;name&#34;:&#34;possibleTypes&#34;},{&#34;name&#34;:&#34;enumValues&#34;},{&#34;name&#34;:&#34;inputFields&#34;},{&#34;name&#34;:&#34;ofType&#34;}]}},{&#34;type&#34;:{&#34;fields&#34;:null}}]},{&#34;fields&#34;:[{&#34;type&#34;:{&#34;fields&#34;:null}},{&#34;type&#34;:{&#34;fields&#34;:null}},{&#34;type&#34;:{&#34;fields&#34;:null}},{&#34;type&#34;:{&#34;fields&#34;:null}},{&#34;type&#34;:{&#34;fields&#34;:null}},{&#34;type&#34;:{&#34;fields&#34;:null}},{&#34;type&#34;:{&#34;fields&#34;:null}},{&#34;type&#34;:{&#34;fields&#34;:null}},{&#34;type&#34;:{&#34;fields&#34;:[{&#34;name&#34;:&#34;kind&#34;},{&#34;name&#34;:&#34;name&#34;},{&#34;name&#34;:&#34;description&#34;},{&#34;name&#34;:&#34;fields&#34;},{&#34;name&#34;:&#34;interfaces&#34;},{&#34;name&#34;:&#34;possibleTypes&#34;},{&#34;name&#34;:&#34;enumValues&#34;},{&#34;name&#34;:&#34;inputFields&#34;},{&#34;name&#34;:&#34;ofType&#34;}]}}]},{&#34;fields&#34;:null}]}}}&#xA;Test failed.&#xA;HTTP response code: 200 OK&#xA;expected value(s):&#xA;{&#xA;  &#34;errors&#34;: [&#xA;    {&#xA;      &#34;extensions&#34;: {&#xA;        &#34;classification&#34;: &#34;ExecutionAborted&#34;&#xA;      },&#xA;      &#34;message&#34;: &#34;maximum query complexity exceeded 204 \u003e 200&#34;&#xA;    }&#xA;  ]&#xA;} &#xA;_____________________&#xA;&#xA;got: {&#xA;  &#34;data&#34;: {&#xA;    &#34;__schema&#34;: {&#xA;      &#34;types&#34;: [&#xA;        {&#xA;          &#34;fields&#34;: [&#xA;            {&#xA;              &#34;type&#34;: {&#xA;                &#34;fields&#34;: null&#xA;              }&#xA;            },&#xA;            {&#xA;              &#34;type&#34;: {&#xA;                &#34;fields&#34;: null&#xA;              }&#xA;            }&#xA;          ]&#xA;        },&#xA;        {&#xA;          &#34;fields&#34;: [&#xA;            {&#xA;              &#34;type&#34;: {&#xA;                &#34;fields&#34;: null&#xA;              }&#xA;            },&#xA;            {&#xA;              &#34;type&#34;: {&#xA;                &#34;fields&#34;: null&#xA;              }&#xA;            },&#xA;            {&#xA;              &#34;type&#34;: {&#xA;                &#34;fields&#34;: null&#xA;              }&#xA;            },&#xA;            {&#xA;              &#34;type&#34;: {&#xA;                &#34;fields&#34;: null&#xA;              }&#xA;            },&#xA;            {&#xA;              &#34;type&#34;: {&#xA;                &#34;fields&#34;: null&#xA;              }&#xA;            }&#xA;          ]&#xA;        },&#xA;        {&#xA;          &#34;fields&#34;: null&#xA;        },&#xA;        {&#xA;          &#34;fields&#34;: null&#xA;        },&#xA;        {&#xA;          &#34;fields&#34;: [&#xA;            {&#xA;              &#34;type&#34;: {&#xA;                &#34;fields&#34;: null&#xA;              }&#xA;            },&#xA;            {&#xA;              &#34;type&#34;: {&#xA;                &#34;fields&#34;: null&#xA;              }&#xA;            },&#xA;            {&#xA;              &#34;type&#34;: {&#xA;                &#34;fields&#34;: [&#xA;                  {&#xA;                    &#34;name&#34;: &#34;number&#34;&#xA;                  },&#xA;                  {&#xA;                    &#34;name&#34;: &#34;hash&#34;&#xA;                  },&#xA;                  {&#xA;                    &#34;name&#34;: &#34;parent&#34;&#xA;                  },&#xA;                  {&#xA;                    &#34;name&#34;: &#34;nonce&#34;&#xA;                  },&#xA;                  {&#xA;                    &#34;name&#34;: &#34;transactionsRoot&#34;&#xA;                  },&#xA;                  {&#xA;                    &#34;name&#34;: &#34;transactionCount&#34;&#xA;                  },&#xA;                  {&#xA;                    &#34;name&#34;: &#34;stateRoot&#34;&#xA;                  },&#xA;                  {&#xA;                    &#34;name&#34;: &#34;receiptsRoot&#34;&#xA;                  },&#xA;                  {&#xA;                    &#34;name&#34;: &#34;miner&#34;&#xA;                  },&#xA;                  {&#xA;                    &#34;name&#34;: &#34;extraData&#34;&#xA;                  },&#xA;                  {&#xA;                    &#34;name&#34;: &#34;gasLimit&#34;&#xA;                  },&#xA;                  {&#xA;                    &#34;name&#34;: &#34;gasUsed&#34;&#xA;                  },&#xA;                  {&#xA;                    &#34;name&#34;: &#34;baseFeePerGas&#34;&#xA;                  },&#xA;                  {&#xA;                    &#34;name&#34;: &#34;nextBaseFeePerGas&#34;&#xA;                  },&#xA;                  {&#xA;                    &#34;name&#34;: &#34;timestamp&#34;&#xA;                  },&#xA;                  {&#xA;                    &#34;name&#34;: &#34;logsBloom&#34;&#xA;                  },&#xA;                  {&#xA;                    &#34;name&#34;: &#34;mixHash&#34;&#xA;                  },&#xA;                  {&#xA;                    &#34;name&#34;: &#34;difficulty&#34;&#xA;                  },&#xA;                  {&#xA;                    &#34;name&#34;: &#34;totalDifficulty&#34;&#xA;                  },&#xA;                  {&#xA;                    &#34;name&#34;: &#34;ommerCount&#34;&#xA;                  },&#xA;                  {&#xA;                    &#34;name&#34;: &#34;ommers&#34;&#xA;                  },&#xA;                  {&#xA;                    &#34;name&#34;: &#34;ommerAt&#34;&#xA;                  },&#xA;                  {&#xA;                    &#34;name&#34;: &#34;ommerHash&#34;&#xA;                  },&#xA;                  {&#xA;                    &#34;name&#34;: &#34;transactions&#34;&#xA;                  },&#xA;                  {&#xA;                    &#34;name&#34;: &#34;transactionAt&#34;&#xA;                  },&#xA;                  {&#xA;                    &#34;name&#34;: &#34;logs&#34;&#xA;                  },&#xA;                  {&#xA;                    &#34;name&#34;: &#34;account&#34;&#xA;                  },&#xA;                  {&#xA;                    &#34;name&#34;: &#34;call&#34;&#xA;                  },&#xA;                  {&#xA;                    &#34;name&#34;: &#34;estimateGas&#34;&#xA;                  },&#xA;                  {&#xA;                    &#34;name&#34;: &#34;rawHeader&#34;&#xA;                  },&#xA;                  {&#xA;                    &#34;name&#34;: &#34;raw&#34;&#xA;                  }&#xA;                ]&#xA;              }&#xA;            },&#xA;            {&#xA;              &#34;type&#34;: {&#xA;                &#34;fields&#34;: null&#xA;              }&#xA;            },&#xA;            {&#xA;              &#34;type&#34;: {&#xA;                &#34;fields&#34;: null&#xA;              }&#xA;            },&#xA;            {&#xA;              &#34;type&#34;: {&#xA;                &#34;fields&#34;: null&#xA;              }&#xA;            },&#xA;            {&#xA;              &#34;type&#34;: {&#xA;                &#34;fields&#34;: null&#xA;              }&#xA;            },&#xA;            {&#xA;              &#34;type&#34;: {&#xA;                &#34;fields&#34;: null&#xA;              }&#xA;            },&#xA;            {&#xA;              &#34;type&#34;: {&#xA;                &#34;fields&#34;: null&#xA;              }&#xA;            },&#xA;            {&#xA;              &#34;type&#34;: {&#xA;                &#34;fields&#34;: null&#xA;              }&#xA;            },&#xA;            {&#xA;              &#34;type&#34;: {&#xA;                &#34;fields&#34;: null&#xA;              }&#xA;            },&#xA;            {&#xA;              &#34;type&#34;: {&#xA;                &#34;fields&#34;: null&#xA;              }&#xA;            },&#xA;            {&#xA;              &#34;type&#34;: {&#xA;                &#34;fields&#34;: null&#xA;              }&#xA;            },&#xA;            {&#xA;              &#34;type&#34;: {&#xA;                &#34;fields&#34;: null&#xA;              }&#xA;            },&#xA;            {&#xA;              &#34;type&#34;: {&#xA;                &#34;fields&#34;: null&#xA;              }&#xA;            },&#xA;            {&#xA;              &#34;type&#34;: {&#xA;                &#34;fields&#34;: null&#xA;              }&#xA;            },&#xA;            {&#xA;              &#34;type&#34;: {&#xA;                &#34;fields&#34;: null&#xA;              }&#xA;            },&#xA;            {&#xA;              &#34;type&#34;: {&#xA;                &#34;fields&#34;: null&#xA;              }&#xA;            },&#xA;            {&#xA;              &#34;type&#34;: {&#xA;                &#34;fields&#34;: null&#xA;              }&#xA;            },&#xA;            {&#xA;              &#34;type&#34;: {&#xA;                &#34;fields&#34;: null&#xA;              }&#xA;            },&#xA;            {&#xA;              &#34;type&#34;: {&#xA;                &#34;fields&#34;: null&#xA;              }&#xA;            },&#xA;            {&#xA;              &#34;type&#34;: {&#xA;                &#34;fields&#34;: [&#xA;                  {&#xA;                    &#34;name&#34;: &#34;number&#34;&#xA;                  },&#xA;                  {&#xA;                    &#34;name&#34;: &#34;hash&#34;&#xA;                  },&#xA;                  {&#xA;                    &#34;name&#34;: &#34;parent&#34;&#xA;                  },&#xA;                  {&#xA;                    &#34;name&#34;: &#34;nonce&#34;&#xA;                  },&#xA;                  {&#xA;                    &#34;name&#34;: &#34;transactionsRoot&#34;&#xA;                  },&#xA;                  {&#xA;                    &#34;name&#34;: &#34;transactionCount&#34;&#xA;                  },&#xA;                  {&#xA;                    &#34;name&#34;: &#34;stateRoot&#34;&#xA;                  },&#xA;                  {&#xA;                    &#34;name&#34;: &#34;receiptsRoot&#34;&#xA;                  },&#xA;                  {&#xA;                    &#34;name&#34;: &#34;miner&#34;&#xA;                  },&#xA;                  {&#xA;                    &#34;name&#34;: &#34;extraData&#34;&#xA;                  },&#xA;                  {&#xA;                    &#34;name&#34;: &#34;gasLimit&#34;&#xA;                  },&#xA;                  {&#xA;                    &#34;name&#34;: &#34;gasUsed&#34;&#xA;                  },&#xA;                  {&#xA;                    &#34;name&#34;: &#34;baseFeePerGas&#34;&#xA;                  },&#xA;                  {&#xA;                    &#34;name&#34;: &#34;nextBaseFeePerGas&#34;&#xA;                  },&#xA;                  {&#xA;                    &#34;name&#34;: &#34;timestamp&#34;&#xA;                  },&#xA;                  {&#xA;                    &#34;name&#34;: &#34;logsBloom&#34;&#xA;                  },&#xA;                  {&#xA;                    &#34;name&#34;: &#34;mixHash&#34;&#xA;                  },&#xA;                  {&#xA;                    &#34;name&#34;: &#34;difficulty&#34;&#xA;                  },&#xA;                  {&#xA;                    &#34;name&#34;: &#34;totalDifficulty&#34;&#xA;                  },&#xA;                  {&#xA;                    &#34;name&#34;: &#34;ommerCount&#34;&#xA;                  },&#xA;                  {&#xA;                    &#34;name&#34;: &#34;ommers&#34;&#xA;                  },&#xA;                  {&#xA;                    &#34;name&#34;: &#34;ommerAt&#34;&#xA;                  },&#xA;                  {&#xA;                    &#34;name&#34;: &#34;ommerHash&#34;&#xA;                  },&#xA;                  {&#xA;                    &#34;name&#34;: &#34;transactions&#34;&#xA;                  },&#xA;                  {&#xA;                    &#34;name&#34;: &#34;transactionAt&#34;&#xA;                  },&#xA;                  {&#xA;                    &#34;name&#34;: &#34;logs&#34;&#xA;                  },&#xA;                  {&#xA;                    &#34;name&#34;: &#34;account&#34;&#xA;                  },&#xA;                  {&#xA;                    &#34;name&#34;: &#34;call&#34;&#xA;                  },&#xA;                  {&#xA;                    &#34;name&#34;: &#34;estimateGas&#34;&#xA;                  },&#xA;                  {&#xA;                    &#34;name&#34;: &#34;rawHeader&#34;&#xA;                  },&#xA;                  {&#xA;                    &#34;name&#34;: &#34;raw&#34;&#xA;                  }&#xA;                ]&#xA;              }&#xA;            },&#xA;            {&#xA;              &#34;type&#34;: {&#xA;                &#34;fields&#34;: null&#xA;              }&#xA;            },&#xA;            {&#xA;              &#34;type&#34;: {&#xA;                &#34;fields&#34;: null&#xA;              }&#xA;            },&#xA;            {&#xA;              &#34;type&#34;: {&#xA;                &#34;fields&#34;: [&#xA;                  {&#xA;                    &#34;name&#34;: &#34;hash&#34;&#xA;                  },&#xA;                  {&#xA;                    &#34;name&#34;: &#34;nonce&#34;&#xA;                  },&#xA;                  {&#xA;                    &#34;name&#34;: &#34;index&#34;&#xA;                  },&#xA;                  {&#xA;                    &#34;name&#34;: &#34;from&#34;&#xA;                  },&#xA;                  {&#xA;                    &#34;name&#34;: &#34;to&#34;&#xA;                  },&#xA;                  {&#xA;                    &#34;name&#34;: &#34;value&#34;&#xA;                  },&#xA;                  {&#xA;                    &#34;name&#34;: &#34;gasPrice&#34;&#xA;                  },&#xA;                  {&#xA;                    &#34;name&#34;: &#34;maxFeePerGas&#34;&#xA;                  },&#xA;                  {&#xA;                    &#34;name&#34;: &#34;maxPriorityFeePerGas&#34;&#xA;                  },&#xA;                  {&#xA;                    &#34;name&#34;: &#34;effectiveTip&#34;&#xA;                  },&#xA;                  {&#xA;                    &#34;name&#34;: &#34;gas&#34;&#xA;                  },&#xA;                  {&#xA;                    &#34;name&#34;: &#34;inputData&#34;&#xA;                  },&#xA;                  {&#xA;                    &#34;name&#34;: &#34;block&#34;&#xA;                  },&#xA;                  {&#xA;                    &#34;name&#34;: &#34;status&#34;&#xA;                  },&#xA;                  {&#xA;                    &#34;name&#34;: &#34;gasUsed&#34;&#xA;                  },&#xA;                  {&#xA;                    &#34;name&#34;: &#34;cumulativeGasUsed&#34;&#xA;                  },&#xA;                  {&#xA;                    &#34;name&#34;: &#34;effectiveGasPrice&#34;&#xA;                  },&#xA;                  {&#xA;                    &#34;name&#34;: &#34;createdContract&#34;&#xA;                  },&#xA;                  {&#xA;                    &#34;name&#34;: &#34;logs&#34;&#xA;                  },&#xA;                  {&#xA;                    &#34;name&#34;: &#34;r&#34;&#xA;                  },&#xA;                  {&#xA;                    &#34;name&#34;: &#34;s&#34;&#xA;                  },&#xA;                  {&#xA;                    &#34;name&#34;: &#34;v&#34;&#xA;                  },&#xA;                  {&#xA;                    &#34;name&#34;: &#34;type&#34;&#xA;                  },&#xA;                  {&#xA;                    &#34;name&#34;: &#34;accessList&#34;&#xA;                  },&#xA;                  {&#xA;                    &#34;name&#34;: &#34;raw&#34;&#xA;                  },&#xA;                  {&#xA;                    &#34;name&#34;: &#34;rawReceipt&#34;&#xA;                  }&#xA;                ]&#xA;              }&#xA;            },&#xA;            {&#xA;              &#34;type&#34;: {&#xA;                &#34;fields&#34;: null&#xA;              }&#xA;            },&#xA;            {&#xA;              &#34;type&#34;: {&#xA;                &#34;fields&#34;: null&#xA;              }&#xA;            },&#xA;            {&#xA;              &#34;type&#34;: {&#xA;                &#34;fields&#34;: [&#xA;                  {&#xA;                    &#34;name&#34;: &#34;data&#34;&#xA;                  },&#xA;                  {&#xA;                    &#34;name&#34;: &#34;gasUsed&#34;&#xA;                  },&#xA;                  {&#xA;                    &#34;name&#34;: &#34;status&#34;&#xA;                  }&#xA;                ]&#xA;              }&#xA;            },&#xA;            {&#xA;              &#34;type&#34;: {&#xA;                &#34;fields&#34;: null&#xA;              }&#xA;            },&#xA;            {&#xA;              &#34;type&#34;: {&#xA;                &#34;fields&#34;: null&#xA;              }&#xA;            },&#xA;            {&#xA;              &#34;type&#34;: {&#xA;                &#34;fields&#34;: null&#xA;              }&#xA;            }&#xA;          ]&#xA;        },&#xA;        {&#xA;          &#34;fields&#34;: null&#xA;        },&#xA;        {&#xA;          &#34;fields&#34;: null&#xA;        },&#xA;        {&#xA;          &#34;fields&#34;: null&#xA;        },&#xA;        {&#xA;          &#34;fields&#34;: null&#xA;        },&#xA;        {&#xA;          &#34;fields&#34;: null&#xA;        },&#xA;        {&#xA;          &#34;fields&#34;: [&#xA;            {&#xA;              &#34;type&#34;: {&#xA;                &#34;fields&#34;: null&#xA;              }&#xA;            },&#xA;            {&#xA;              &#34;type&#34;: {&#xA;                &#34;fields&#34;: null&#xA;              }&#xA;            },&#xA;            {&#xA;              &#34;type&#34;: {&#xA;                &#34;fields&#34;: null&#xA;              }&#xA;            }&#xA;          ]&#xA;        },&#xA;        {&#xA;          &#34;fields&#34;: null&#xA;        },&#xA;        {&#xA;          &#34;fields&#34;: null&#xA;        },&#xA;        {&#xA;          &#34;fields&#34;: null&#xA;        },&#xA;        {&#xA;          &#34;fields&#34;: null&#xA;        },&#xA;        {&#xA;          &#34;fields&#34;: [&#xA;            {&#xA;              &#34;type&#34;: {&#xA;                &#34;fields&#34;: null&#xA;              }&#xA;            },&#xA;            {&#xA;              &#34;type&#34;: {&#xA;                &#34;fields&#34;: null&#xA;              }&#xA;            },&#xA;            {&#xA;              &#34;type&#34;: {&#xA;                &#34;fields&#34;: null&#xA;              }&#xA;            },&#xA;            {&#xA;              &#34;type&#34;: {&#xA;                &#34;fields&#34;: null&#xA;              }&#xA;            },&#xA;            {&#xA;              &#34;type&#34;: {&#xA;                &#34;fields&#34;: null&#xA;              }&#xA;            }&#xA;          ]&#xA;        },&#xA;        {&#xA;          &#34;fields&#34;: null&#xA;        },&#xA;        {&#xA;          &#34;fields&#34;: [&#xA;            {&#xA;              &#34;type&#34;: {&#xA;                &#34;fields&#34;: null&#xA;              }&#xA;            }&#xA;          ]&#xA;        },&#xA;        {&#xA;          &#34;fields&#34;: [&#xA;            {&#xA;              &#34;type&#34;: {&#xA;                &#34;fields&#34;: null&#xA;              }&#xA;            },&#xA;            {&#xA;              &#34;type&#34;: {&#xA;                &#34;fields&#34;: null&#xA;              }&#xA;            },&#xA;            {&#xA;              &#34;type&#34;: {&#xA;                &#34;fields&#34;: null&#xA;              }&#xA;            },&#xA;            {&#xA;              &#34;type&#34;: {&#xA;                &#34;fields&#34;: [&#xA;                  {&#xA;                    &#34;name&#34;: &#34;data&#34;&#xA;                  },&#xA;                  {&#xA;                    &#34;name&#34;: &#34;gasUsed&#34;&#xA;                  },&#xA;                  {&#xA;                    &#34;name&#34;: &#34;status&#34;&#xA;                  }&#xA;                ]&#xA;              }&#xA;            },&#xA;            {&#xA;              &#34;type&#34;: {&#xA;                &#34;fields&#34;: null&#xA;              }&#xA;            }&#xA;          ]&#xA;        },&#xA;        {&#xA;          &#34;fields&#34;: [&#xA;            {&#xA;              &#34;type&#34;: {&#xA;                &#34;fields&#34;: [&#xA;                  {&#xA;                    &#34;name&#34;: &#34;number&#34;&#xA;                  },&#xA;                  {&#xA;                    &#34;name&#34;: &#34;hash&#34;&#xA;                  },&#xA;                  {&#xA;                    &#34;name&#34;: &#34;parent&#34;&#xA;                  },&#xA;                  {&#xA;                    &#34;name&#34;: &#34;nonce&#34;&#xA;                  },&#xA;                  {&#xA;                    &#34;name&#34;: &#34;transactionsRoot&#34;&#xA;                  },&#xA;                  {&#xA;                    &#34;name&#34;: &#34;transactionCount&#34;&#xA;                  },&#xA;                  {&#xA;                    &#34;name&#34;: &#34;stateRoot&#34;&#xA;                  },&#xA;                  {&#xA;                    &#34;name&#34;: &#34;receiptsRoot&#34;&#xA;                  },&#xA;                  {&#xA;                    &#34;name&#34;: &#34;miner&#34;&#xA;                  },&#xA;                  {&#xA;                    &#34;name&#34;: &#34;extraData&#34;&#xA;                  },&#xA;                  {&#xA;                    &#34;name&#34;: &#34;gasLimit&#34;&#xA;                  },&#xA;                  {&#xA;                    &#34;name&#34;: &#34;gasUsed&#34;&#xA;                  },&#xA;                  {&#xA;                    &#34;name&#34;: &#34;baseFeePerGas&#34;&#xA;                  },&#xA;                  {&#xA;                    &#34;name&#34;: &#34;nextBaseFeePerGas&#34;&#xA;                  },&#xA;                  {&#xA;                    &#34;name&#34;: &#34;timestamp&#34;&#xA;                  },&#xA;                  {&#xA;                    &#34;name&#34;: &#34;logsBloom&#34;&#xA;                  },&#xA;                  {&#xA;                    &#34;name&#34;: &#34;mixHash&#34;&#xA;                  },&#xA;                  {&#xA;                    &#34;name&#34;: &#34;difficulty&#34;&#xA;                  },&#xA;                  {&#xA;                    &#34;name&#34;: &#34;totalDifficulty&#34;&#xA;                  },&#xA;                  {&#xA;                    &#34;name&#34;: &#34;ommerCount&#34;&#xA;                  },&#xA;                  {&#xA;                    &#34;name&#34;: &#34;ommers&#34;&#xA;                  },&#xA;                  {&#xA;                    &#34;name&#34;: &#34;ommerAt&#34;&#xA;                  },&#xA;                  {&#xA;                    &#34;name&#34;: &#34;ommerHash&#34;&#xA;                  },&#xA;                  {&#xA;                    &#34;name&#34;: &#34;transactions&#34;&#xA;                  },&#xA;                  {&#xA;                    &#34;name&#34;: &#34;transactionAt&#34;&#xA;                  },&#xA;                  {&#xA;                    &#34;name&#34;: &#34;logs&#34;&#xA;                  },&#xA;                  {&#xA;                    &#34;name&#34;: &#34;account&#34;&#xA;                  },&#xA;                  {&#xA;                    &#34;name&#34;: &#34;call&#34;&#xA;                  },&#xA;                  {&#xA;                    &#34;name&#34;: &#34;estimateGas&#34;&#xA;                  },&#xA;                  {&#xA;                    &#34;name&#34;: &#34;rawHeader&#34;&#xA;                  },&#xA;                  {&#xA;                    &#34;name&#34;: &#34;raw&#34;&#xA;                  }&#xA;                ]&#xA;              }&#xA;            },&#xA;            {&#xA;              &#34;type&#34;: {&#xA;                &#34;fields&#34;: null&#xA;              }&#xA;            },&#xA;            {&#xA;              &#34;type&#34;: {&#xA;                &#34;fields&#34;: null&#xA;              }&#xA;            },&#xA;            {&#xA;              &#34;type&#34;: {&#xA;                &#34;fields&#34;: [&#xA;                  {&#xA;                    &#34;name&#34;: &#34;hash&#34;&#xA;                  },&#xA;                  {&#xA;                    &#34;name&#34;: &#34;nonce&#34;&#xA;                  },&#xA;                  {&#xA;                    &#34;name&#34;: &#34;index&#34;&#xA;                  },&#xA;                  {&#xA;                    &#34;name&#34;: &#34;from&#34;&#xA;                  },&#xA;                  {&#xA;                    &#34;name&#34;: &#34;to&#34;&#xA;                  },&#xA;                  {&#xA;                    &#34;name&#34;: &#34;value&#34;&#xA;                  },&#xA;                  {&#xA;                    &#34;name&#34;: &#34;gasPrice&#34;&#xA;                  },&#xA;                  {&#xA;                    &#34;name&#34;: &#34;maxFeePerGas&#34;&#xA;                  },&#xA;                  {&#xA;                    &#34;name&#34;: &#34;maxPriorityFeePerGas&#34;&#xA;                  },&#xA;                  {&#xA;                    &#34;name&#34;: &#34;effectiveTip&#34;&#xA;                  },&#xA;                  {&#xA;                    &#34;name&#34;: &#34;gas&#34;&#xA;                  },&#xA;                  {&#xA;                    &#34;name&#34;: &#34;inputData&#34;&#xA;                  },&#xA;                  {&#xA;                    &#34;name&#34;: &#34;block&#34;&#xA;                  },&#xA;                  {&#xA;                    &#34;name&#34;: &#34;status&#34;&#xA;                  },&#xA;                  {&#xA;                    &#34;name&#34;: &#34;gasUsed&#34;&#xA;                  },&#xA;                  {&#xA;                    &#34;name&#34;: &#34;cumulativeGasUsed&#34;&#xA;                  },&#xA;                  {&#xA;                    &#34;name&#34;: &#34;effectiveGasPrice&#34;&#xA;                  },&#xA;                  {&#xA;                    &#34;name&#34;: &#34;createdContract&#34;&#xA;                  },&#xA;                  {&#xA;                    &#34;name&#34;: &#34;logs&#34;&#xA;                  },&#xA;                  {&#xA;                    &#34;name&#34;: &#34;r&#34;&#xA;                  },&#xA;                  {&#xA;                    &#34;name&#34;: &#34;s&#34;&#xA;                  },&#xA;                  {&#xA;                    &#34;name&#34;: &#34;v&#34;&#xA;                  },&#xA;                  {&#xA;                    &#34;name&#34;: &#34;type&#34;&#xA;                  },&#xA;                  {&#xA;                    &#34;name&#34;: &#34;accessList&#34;&#xA;                  },&#xA;                  {&#xA;                    &#34;name&#34;: &#34;raw&#34;&#xA;                  },&#xA;                  {&#xA;                    &#34;name&#34;: &#34;rawReceipt&#34;&#xA;                  }&#xA;                ]&#xA;              }&#xA;            },&#xA;            {&#xA;              &#34;type&#34;: {&#xA;                &#34;fields&#34;: null&#xA;              }&#xA;            },&#xA;            {&#xA;              &#34;type&#34;: {&#xA;                &#34;fields&#34;: null&#xA;              }&#xA;            },&#xA;            {&#xA;              &#34;type&#34;: {&#xA;                &#34;fields&#34;: null&#xA;              }&#xA;            },&#xA;            {&#xA;              &#34;type&#34;: {&#xA;                &#34;fields&#34;: [&#xA;                  {&#xA;                    &#34;name&#34;: &#34;startingBlock&#34;&#xA;                  },&#xA;                  {&#xA;                    &#34;name&#34;: &#34;currentBlock&#34;&#xA;                  },&#xA;                  {&#xA;                    &#34;name&#34;: &#34;highestBlock&#34;&#xA;                  }&#xA;                ]&#xA;              }&#xA;            },&#xA;            {&#xA;              &#34;type&#34;: {&#xA;                &#34;fields&#34;: null&#xA;              }&#xA;            }&#xA;          ]&#xA;        },&#xA;        {&#xA;          &#34;fields&#34;: null&#xA;        },&#xA;        {&#xA;          &#34;fields&#34;: [&#xA;            {&#xA;              &#34;type&#34;: {&#xA;                &#34;fields&#34;: null&#xA;              }&#xA;            },&#xA;            {&#xA;              &#34;type&#34;: {&#xA;                &#34;fields&#34;: null&#xA;              }&#xA;            },&#xA;            {&#xA;              &#34;type&#34;: {&#xA;                &#34;fields&#34;: null&#xA;              }&#xA;            }&#xA;          ]&#xA;        },&#xA;        {&#xA;          &#34;fields&#34;: [&#xA;            {&#xA;              &#34;type&#34;: {&#xA;                &#34;fields&#34;: null&#xA;              }&#xA;            },&#xA;            {&#xA;              &#34;type&#34;: {&#xA;                &#34;fields&#34;: null&#xA;              }&#xA;            },&#xA;            {&#xA;              &#34;type&#34;: {&#xA;                &#34;fields&#34;: null&#xA;              }&#xA;            },&#xA;            {&#xA;              &#34;type&#34;: {&#xA;                &#34;fields&#34;: null&#xA;              }&#xA;            },&#xA;            {&#xA;              &#34;type&#34;: {&#xA;                &#34;fields&#34;: [&#xA;                  {&#xA;                    &#34;name&#34;: &#34;address&#34;&#xA;                  },&#xA;                  {&#xA;                    &#34;name&#34;: &#34;balance&#34;&#xA;                  },&#xA;                  {&#xA;                    &#34;name&#34;: &#34;transactionCount&#34;&#xA;                  },&#xA;                  {&#xA;                    &#34;name&#34;: &#34;code&#34;&#xA;                  },&#xA;                  {&#xA;                    &#34;name&#34;: &#34;storage&#34;&#xA;                  }&#xA;                ]&#xA;              }&#xA;            },&#xA;            {&#xA;              &#34;type&#34;: {&#xA;                &#34;fields&#34;: null&#xA;              }&#xA;            },&#xA;            {&#xA;              &#34;type&#34;: {&#xA;                &#34;fields&#34;: null&#xA;              }&#xA;            },&#xA;            {&#xA;              &#34;type&#34;: {&#xA;                &#34;fields&#34;: null&#xA;              }&#xA;            },&#xA;            {&#xA;              &#34;type&#34;: {&#xA;                &#34;fields&#34;: null&#xA;              }&#xA;            },&#xA;            {&#xA;              &#34;type&#34;: {&#xA;                &#34;fields&#34;: null&#xA;              }&#xA;            },&#xA;            {&#xA;              &#34;type&#34;: {&#xA;                &#34;fields&#34;: null&#xA;              }&#xA;            },&#xA;            {&#xA;              &#34;type&#34;: {&#xA;                &#34;fields&#34;: null&#xA;              }&#xA;            },&#xA;            {&#xA;              &#34;type&#34;: {&#xA;                &#34;fields&#34;: [&#xA;                  {&#xA;                    &#34;name&#34;: &#34;number&#34;&#xA;                  },&#xA;                  {&#xA;                    &#34;name&#34;: &#34;hash&#34;&#xA;                  },&#xA;                  {&#xA;                    &#34;name&#34;: &#34;parent&#34;&#xA;                  },&#xA;                  {&#xA;                    &#34;name&#34;: &#34;nonce&#34;&#xA;                  },&#xA;                  {&#xA;                    &#34;name&#34;: &#34;transactionsRoot&#34;&#xA;                  },&#xA;                  {&#xA;                    &#34;name&#34;: &#34;transactionCount&#34;&#xA;                  },&#xA;                  {&#xA;                    &#34;name&#34;: &#34;stateRoot&#34;&#xA;                  },&#xA;                  {&#xA;                    &#34;name&#34;: &#34;receiptsRoot&#34;&#xA;                  },&#xA;                  {&#xA;                    &#34;name&#34;: &#34;miner&#34;&#xA;                  },&#xA;                  {&#xA;                    &#34;name&#34;: &#34;extraData&#34;&#xA;                  },&#xA;                  {&#xA;                    &#34;name&#34;: &#34;gasLimit&#34;&#xA;                  },&#xA;                  {&#xA;                    &#34;name&#34;: &#34;gasUsed&#34;&#xA;                  },&#xA;                  {&#xA;                    &#34;name&#34;: &#34;baseFeePerGas&#34;&#xA;                  },&#xA;                  {&#xA;                    &#34;name&#34;: &#34;nextBaseFeePerGas&#34;&#xA;                  },&#xA;                  {&#xA;                    &#34;name&#34;: &#34;timestamp&#34;&#xA;                  },&#xA;                  {&#xA;                    &#34;name&#34;: &#34;logsBloom&#34;&#xA;                  },&#xA;                  {&#xA;                    &#34;name&#34;: &#34;mixHash&#34;&#xA;                  },&#xA;                  {&#xA;                    &#34;name&#34;: &#34;difficulty&#34;&#xA;                  },&#xA;                  {&#xA;                    &#34;name&#34;: &#34;totalDifficulty&#34;&#xA;                  },&#xA;                  {&#xA;                    &#34;name&#34;: &#34;ommerCount&#34;&#xA;                  },&#xA;                  {&#xA;                    &#34;name&#34;: &#34;ommers&#34;&#xA;                  },&#xA;                  {&#xA;                    &#34;name&#34;: &#34;ommerAt&#34;&#xA;                  },&#xA;                  {&#xA;                    &#34;name&#34;: &#34;ommerHash&#34;&#xA;                  },&#xA;                  {&#xA;                    &#34;name&#34;: &#34;transactions&#34;&#xA;                  },&#xA;                  {&#xA;                    &#34;name&#34;: &#34;transactionAt&#34;&#xA;                  },&#xA;                  {&#xA;                    &#34;name&#34;: &#34;logs&#34;&#xA;                  },&#xA;                  {&#xA;                    &#34;name&#34;: &#34;account&#34;&#xA;                  },&#xA;                  {&#xA;                    &#34;name&#34;: &#34;call&#34;&#xA;                  },&#xA;                  {&#xA;                    &#34;name&#34;: &#34;estimateGas&#34;&#xA;                  },&#xA;                  {&#xA;                    &#34;name&#34;: &#34;rawHeader&#34;&#xA;                  },&#xA;                  {&#xA;                    &#34;name&#34;: &#34;raw&#34;&#xA;                  }&#xA;                ]&#xA;              }&#xA;            },&#xA;            {&#xA;              &#34;type&#34;: {&#xA;                &#34;fields&#34;: null&#xA;              }&#xA;            },&#xA;            {&#xA;              &#34;type&#34;: {&#xA;                &#34;fields&#34;: null&#xA;              }&#xA;            },&#xA;            {&#xA;              &#34;type&#34;: {&#xA;                &#34;fields&#34;: null&#xA;              }&#xA;            },&#xA;            {&#xA;              &#34;type&#34;: {&#xA;                &#34;fields&#34;: null&#xA;              }&#xA;            },&#xA;            {&#xA;              &#34;type&#34;: {&#xA;                &#34;fields&#34;: [&#xA;                  {&#xA;                    &#34;name&#34;: &#34;address&#34;&#xA;                  },&#xA;                  {&#xA;                    &#34;name&#34;: &#34;balance&#34;&#xA;                  },&#xA;                  {&#xA;                    &#34;name&#34;: &#34;transactionCount&#34;&#xA;                  },&#xA;                  {&#xA;                    &#34;name&#34;: &#34;code&#34;&#xA;                  },&#xA;                  {&#xA;                    &#34;name&#34;: &#34;storage&#34;&#xA;                  }&#xA;                ]&#xA;              }&#xA;            },&#xA;            {&#xA;              &#34;type&#34;: {&#xA;                &#34;fields&#34;: null&#xA;              }&#xA;            },&#xA;            {&#xA;              &#34;type&#34;: {&#xA;                &#34;fields&#34;: null&#xA;              }&#xA;            },&#xA;            {&#xA;              &#34;type&#34;: {&#xA;                &#34;fields&#34;: null&#xA;              }&#xA;            },&#xA;            {&#xA;              &#34;type&#34;: {&#xA;                &#34;fields&#34;: null&#xA;              }&#xA;            },&#xA;            {&#xA;              &#34;type&#34;: {&#xA;                &#34;fields&#34;: null&#xA;              }&#xA;            },&#xA;            {&#xA;              &#34;type&#34;: {&#xA;                &#34;fields&#34;: null&#xA;              }&#xA;            },&#xA;            {&#xA;              &#34;type&#34;: {&#xA;                &#34;fields&#34;: null&#xA;              }&#xA;            },&#xA;            {&#xA;              &#34;type&#34;: {&#xA;                &#34;fields&#34;: null&#xA;              }&#xA;            }&#xA;          ]&#xA;        },&#xA;        {&#xA;          &#34;fields&#34;: [&#xA;            {&#xA;              &#34;type&#34;: {&#xA;                &#34;fields&#34;: null&#xA;              }&#xA;            },&#xA;            {&#xA;              &#34;type&#34;: {&#xA;                &#34;fields&#34;: null&#xA;              }&#xA;            },&#xA;            {&#xA;              &#34;type&#34;: {&#xA;                &#34;fields&#34;: null&#xA;              }&#xA;            },&#xA;            {&#xA;              &#34;type&#34;: {&#xA;                &#34;fields&#34;: null&#xA;              }&#xA;            }&#xA;          ]&#xA;        },&#xA;        {&#xA;          &#34;fields&#34;: null&#xA;        },&#xA;        {&#xA;          &#34;fields&#34;: [&#xA;            {&#xA;              &#34;type&#34;: {&#xA;                &#34;fields&#34;: null&#xA;              }&#xA;            },&#xA;            {&#xA;              &#34;type&#34;: {&#xA;                &#34;fields&#34;: null&#xA;              }&#xA;            },&#xA;            {&#xA;              &#34;type&#34;: {&#xA;                &#34;fields&#34;: null&#xA;              }&#xA;            },&#xA;            {&#xA;              &#34;type&#34;: {&#xA;                &#34;fields&#34;: null&#xA;              }&#xA;            }&#xA;          ]&#xA;        },&#xA;        {&#xA;          &#34;fields&#34;: [&#xA;            {&#xA;              &#34;type&#34;: {&#xA;                &#34;fields&#34;: null&#xA;              }&#xA;            },&#xA;            {&#xA;              &#34;type&#34;: {&#xA;                &#34;fields&#34;: null&#xA;              }&#xA;            },&#xA;            {&#xA;              &#34;type&#34;: {&#xA;                &#34;fields&#34;: null&#xA;              }&#xA;            },&#xA;            {&#xA;              &#34;type&#34;: {&#xA;                &#34;fields&#34;: null&#xA;              }&#xA;            },&#xA;            {&#xA;              &#34;type&#34;: {&#xA;                &#34;fields&#34;: null&#xA;              }&#xA;            },&#xA;            {&#xA;              &#34;type&#34;: {&#xA;                &#34;fields&#34;: null&#xA;              }&#xA;            }&#xA;          ]&#xA;        },&#xA;        {&#xA;          &#34;fields&#34;: [&#xA;            {&#xA;              &#34;type&#34;: {&#xA;                &#34;fields&#34;: null&#xA;              }&#xA;            },&#xA;            {&#xA;              &#34;type&#34;: {&#xA;                &#34;fields&#34;: null&#xA;              }&#xA;            },&#xA;            {&#xA;              &#34;type&#34;: {&#xA;                &#34;fields&#34;: null&#xA;              }&#xA;            },&#xA;            {&#xA;              &#34;type&#34;: {&#xA;                &#34;fields&#34;: null&#xA;              }&#xA;            }&#xA;          ]&#xA;        },&#xA;        {&#xA;          &#34;fields&#34;: [&#xA;            {&#xA;              &#34;type&#34;: {&#xA;                &#34;fields&#34;: null&#xA;              }&#xA;            },&#xA;            {&#xA;              &#34;type&#34;: {&#xA;                &#34;fields&#34;: null&#xA;              }&#xA;            },&#xA;            {&#xA;              &#34;type&#34;: {&#xA;                &#34;fields&#34;: [&#xA;                  {&#xA;                    &#34;name&#34;: &#34;kind&#34;&#xA;                  },&#xA;                  {&#xA;                    &#34;name&#34;: &#34;name&#34;&#xA;                  },&#xA;                  {&#xA;                    &#34;name&#34;: &#34;description&#34;&#xA;                  },&#xA;                  {&#xA;                    &#34;name&#34;: &#34;fields&#34;&#xA;                  },&#xA;                  {&#xA;                    &#34;name&#34;: &#34;interfaces&#34;&#xA;                  },&#xA;                  {&#xA;                    &#34;name&#34;: &#34;possibleTypes&#34;&#xA;                  },&#xA;                  {&#xA;                    &#34;name&#34;: &#34;enumValues&#34;&#xA;                  },&#xA;                  {&#xA;                    &#34;name&#34;: &#34;inputFields&#34;&#xA;                  },&#xA;                  {&#xA;                    &#34;name&#34;: &#34;ofType&#34;&#xA;                  }&#xA;                ]&#xA;              }&#xA;            },&#xA;            {&#xA;              &#34;type&#34;: {&#xA;                &#34;fields&#34;: [&#xA;                  {&#xA;                    &#34;name&#34;: &#34;kind&#34;&#xA;                  },&#xA;                  {&#xA;                    &#34;name&#34;: &#34;name&#34;&#xA;                  },&#xA;                  {&#xA;                    &#34;name&#34;: &#34;description&#34;&#xA;                  },&#xA;                  {&#xA;                    &#34;name&#34;: &#34;fields&#34;&#xA;                  },&#xA;                  {&#xA;                    &#34;name&#34;: &#34;interfaces&#34;&#xA;                  },&#xA;                  {&#xA;                    &#34;name&#34;: &#34;possibleTypes&#34;&#xA;                  },&#xA;                  {&#xA;                    &#34;name&#34;: &#34;enumValues&#34;&#xA;                  },&#xA;                  {&#xA;                    &#34;name&#34;: &#34;inputFields&#34;&#xA;                  },&#xA;                  {&#xA;                    &#34;name&#34;: &#34;ofType&#34;&#xA;                  }&#xA;                ]&#xA;              }&#xA;            },&#xA;            {&#xA;              &#34;type&#34;: {&#xA;                &#34;fields&#34;: null&#xA;              }&#xA;            }&#xA;          ]&#xA;        },&#xA;        {&#xA;          &#34;fields&#34;: [&#xA;            {&#xA;              &#34;type&#34;: {&#xA;                &#34;fields&#34;: null&#xA;              }&#xA;            },&#xA;            {&#xA;              &#34;type&#34;: {&#xA;                &#34;fields&#34;: null&#xA;              }&#xA;            },&#xA;            {&#xA;              &#34;type&#34;: {&#xA;                &#34;fields&#34;: null&#xA;              }&#xA;            },&#xA;            {&#xA;              &#34;type&#34;: {&#xA;                &#34;fields&#34;: null&#xA;              }&#xA;            },&#xA;            {&#xA;              &#34;type&#34;: {&#xA;                &#34;fields&#34;: null&#xA;              }&#xA;            },&#xA;            {&#xA;              &#34;type&#34;: {&#xA;                &#34;fields&#34;: null&#xA;              }&#xA;            },&#xA;            {&#xA;              &#34;type&#34;: {&#xA;                &#34;fields&#34;: null&#xA;              }&#xA;            },&#xA;            {&#xA;              &#34;type&#34;: {&#xA;                &#34;fields&#34;: null&#xA;              }&#xA;            },&#xA;            {&#xA;              &#34;type&#34;: {&#xA;                &#34;fields&#34;: [&#xA;                  {&#xA;                    &#34;name&#34;: &#34;kind&#34;&#xA;                  },&#xA;                  {&#xA;                    &#34;name&#34;: &#34;name&#34;&#xA;                  },&#xA;                  {&#xA;                    &#34;name&#34;: &#34;description&#34;&#xA;                  },&#xA;                  {&#xA;                    &#34;name&#34;: &#34;fields&#34;&#xA;                  },&#xA;                  {&#xA;                    &#34;name&#34;: &#34;interfaces&#34;&#xA;                  },&#xA;                  {&#xA;                    &#34;name&#34;: &#34;possibleTypes&#34;&#xA;                  },&#xA;                  {&#xA;                    &#34;name&#34;: &#34;enumValues&#34;&#xA;                  },&#xA;                  {&#xA;                    &#34;name&#34;: &#34;inputFields&#34;&#xA;                  },&#xA;                  {&#xA;                    &#34;name&#34;: &#34;ofType&#34;&#xA;                  }&#xA;                ]&#xA;              }&#xA;            }&#xA;          ]&#xA;        },&#xA;        {&#xA;          &#34;fields&#34;: null&#xA;        }&#xA;      ]&#xA;    }&#xA;  }&#xA;}&#xA;</failure>
  </testcase>
  <testcase id="39" name="42_graphql_blocks_byRange (go-ethereum_latest)" time="0.000729">Test case source: https://github.com/ethereum/hive/blob/master/simulators/ethereum/graphql/testcases/42_graphql_blocks_byRange.json</testcase>
  <testcase id="40" name="08_eth_getBalance_0x19 (go-ethereum_latest)" time="0.000837">Test case source: https://github.com/ethereum/hive/blob/master/simulators/ethereum/graphql/testcases/08_eth_getBalance_0x19.json</testcase>
  <testcase id="41" name="client launch (go-ethereum_latest)" time="0.511415">This is a meta-test. It launches the client with the test chain&#xA;and reads the test case files. The individual test cases are run as sub-tests against&#xA;the client launched by this test.</testcase>
  <testcase id="42" name="10_eth_getBalance_invalidAccountLatest (go-ethereum_latest)" time="0.000639">Test case source: https://github.com/ethereum/hive/blob/master/simulators/ethereum/graphql/testcases/10_eth_getBalance_invalidAccountLatest.json</testcase>
  <testcase id="43" name="16_eth_getBlock_byNumber (go-ethereum_latest)" time="0.001165">Test case source: https://github.com/ethereum/hive/blob/master/simulators/ethereum/graphql/testcases/16_eth_getBlock_byNumber.json</testcase>
  <testcase id="44" name="01_eth_blockNumber (go-ethereum_latest)" time="0.000762">Test case source: https://github.com/ethereum/hive/blob/master/simulators/ethereum/graphql/testcases/01_eth_blockNumber.json</testcase>
  <testcase id="45" name="23_eth_getLogs_matchTopic (go-ethereum_latest)" time="0.001056">Test case source: https://github.com/ethereum/hive/blob/master/simulators/ethereum/graphql/testcases/23_eth_getLogs_matchTopic.json</testcase>
  <testcase id="46" name="03_eth_call_BlockLatest (go-ethereum_latest)" time="0.000801">Test case source: https://github.com/ethereum/hive/blob/master/simulators/ethereum/graphql/testcases/03_eth_call_BlockLatest.json</testcase>
 </testsuite>
 <testsuite id="3" name="sync" tests="1" failures="1" time="20.151525">This suite of tests verifies that clients can sync from each other in different modes.&#xA;For each client, we test if it can serve as a sync source for all other clients (including itself).
  <testcase id="1" name="nethermind_latest as sync source" time="20.151525">This loads the test chain into the client and verifies whether it was imported correctly.
   <failure message="Error" type="ERROR">can&#39;t launch node (type nethermind_latest): client did not start: timed out waiting for container startup&#xA;</failure>
  </testcase>
 </testsuite>
 <testsuite id="4" name="sync" tests="2" failures="0" time="30.617199">This suite of tests verifies that clients can sync from each other in different modes.&#xA;For each client, we test if it can serve as a sync source for all other clients (including itself).
  <testcase id="1" name="sync besu_latest -&gt; besu_latest" time="12.259367">This test attempts to sync the chain from a besu_latest node.</testcase>
  <testcase id="2" name="besu_latest as sync source" time="18.357832">This loads the test chain into the client and verifies whether it was imported correctly.</testcase>
 </testsuite>
 <testsuite id="5" name="sync" tests="1" failures="1" time="0.952769">This suite of tests verifies that clients can sync from each other in different modes.&#xA;For each client, we test if it can serve as a sync source for all other clients (including itself).
  <testcase id="1" name="erigon as sync source" time="0.952769">This loads the test chain into the client and verifies whether it was imported correctly.
   <failure message="Error" type="ERROR">can&#39;t launch node (type erigon): client did not start: terminated unexpectedly&#xA;</failure>
  </testcase>
 </testsuite>
 <testsuite id="6" name="graphql" tests="1" failures="1" time="1.078882">Test suite covering the graphql API surface.&#xA;The GraphQL tests were initially imported from the Besu codebase.
  <testcase id="1" name="client launch (besu_latest)" time="1.078882">This is a meta-test. It launches the client with the test chain&#xA;and reads the test case files. The individual test cases are run as sub-tests against&#xA;the client launched by this test.
   <failure message="Error" type="ERROR">Test was terminated by host</failure>
  </testcase>
 </testsuite>
 <testsuite id="7" name="graphql" tests="46" failures="9" time="0.518629">Test suite covering the graphql API surface.&#xA;The GraphQL tests were initially imported from the Besu codebase.
  <testcase id="1" name="18_eth_getBlock_wrongParams (go-ethereum_latest)" time="0.000592">Test case source: https://github.com/ethereum/hive/blob/master/simulators/ethereum/graphql/testcases/18_eth_getBlock_wrongParams.json</testcase>
  <testcase id="2" name="26_eth_getStorageAt (go-ethereum_latest)" time="0.000558">Test case source: https://github.com/ethereum/hive/blob/master/simulators/ethereum/graphql/testcases/26_eth_getStorageAt.json</testcase>
  <testcase id="3" name="30_eth_getTransaction_byHash (go-ethereum_latest)" time="0.001068">Test case source: https://github.com/ethereum/hive/blob/master/simulators/ethereum/graphql/testcases/30_eth_getTransaction_byHash.json
[...]
;                &#34;fields&#34;: null&#xA;              }&#xA;            },&#xA;            {&#xA;              &#34;type&#34;: {&#xA;                &#34;fields&#34;: null&#xA;              }&#xA;            },&#xA;            {&#xA;              &#34;type&#34;: {&#xA;                &#34;fields&#34;: null&#xA;              }&#xA;            },&#xA;            {&#xA;              &#34;type&#34;: {&#xA;                &#34;fields&#34;: null&#xA;              }&#xA;            },&#xA;            {&#xA;              &#34;type&#34;: {&#xA;                &#34;fields&#34;: null&#xA;              }&#xA;            },&#xA;            {&#xA;              &#34;type&#34;: {&#xA;                &#34;fields&#34;: null&#xA;              }&#xA;            },&#xA;            {&#xA;              &#34;type&#34;: {&#xA;                &#34;fields&#34;: null&#xA;              }&#xA;            },&#xA;            {&#xA;              &#34;type&#34;: {&#xA;                &#34;fields&#34;: [&#xA;                  {&#xA;                    &#34;name&#34;: &#34;number&#34;&#xA;                  },&#xA;                  {&#xA;                    &#34;name&#34;: &#34;hash&#34;&#xA;                  },&#xA;                  {&#xA;                    &#34;name&#34;: &#34;parent&#34;&#xA;                  },&#xA;                  {&#xA;                    &#34;name&#34;: &#34;nonce&#34;&#xA;                  },&#xA;                  {&#xA;                    &#34;name&#34;: &#34;transactionsRoot&#34;&#xA;                  },&#xA;                  {&#xA;                    &#34;name&#34;: &#34;transactionCount&#34;&#xA;                  },&#xA;                  {&#xA;                    &#34;name&#34;: &#34;stateRoot&#34;&#xA;                  },&#xA;                  {&#xA;                    &#34;name&#34;: &#34;receiptsRoot&#34;&#xA;                  },&#xA;                  {&#xA;                    &#34;name&#34;: &#34;miner&#34;&#xA;                  },&#xA;                  {&#xA;                    &#34;name&#34;: &#34;extraData&#34;&#xA;                  },&#xA;                  {&#xA;                    &#34;name&#34;: &#34;gasLimit&#34;&#xA;                  },&#xA;                  {&#xA;                    &#34;name&#34;: &#34;gasUsed&#34;&#xA;                  },&#xA;                  {&#xA;                    &#34;name&#34;: &#34;baseFeePerGas&#34;&#xA;                  },&#xA;                  {&#xA;                    &#34;name&#34;: &#34;nextBaseFeePerGas&#34;&#xA;                  },&#xA;                  {&#xA;                    &#34;name&#34;: &#34;timestamp&#34;&#xA;                  },&#xA;                  {&#xA;                    &#34;name&#34;: &#34;logsBloom&#34;&#xA;                  },&#xA;                  {&#xA;                    &#34;name&#34;: &#34;mixHash&#34;&#xA;                  },&#xA;                  {&#xA;                    &#34;name&#34;: &#34;difficulty&#34;&#xA;                  },&#xA;                  {&#xA;                    &#34;name&#34;: &#34;totalDifficulty&#34;&#xA;                  },&#xA;                  {&#xA;                    &#34;name&#34;: &#34;ommerCount&#34;&#xA;                  },&#xA;                  {&#xA;                    &#34;name&#34;: &#34;ommers&#34;&#xA;                  },&#xA;                  {&#xA;                    &#34;name&#34;: &#34;ommerAt&#34;&#xA;                  },&#xA;                  {&#xA;                    &#34;name&#34;: &#34;ommerHash&#34;&#xA;                  },&#xA;                  {&#xA;                    &#34;name&#34;: &#34;transactions&#34;&#xA;                  },&#xA;                  {&#xA;                    &#34;name&#34;: &#34;transactionAt&#34;&#xA;                  },&#xA;                  {&#xA;                    &#34;name&#34;: &#34;logs&#34;&#xA;                  },&#xA;                  {&#xA;                    &#34;name&#34;: &#34;account&#34;&#xA;                  },&#xA;                  {&#xA;                    &#34;name&#34;: &#34;call&#34;&#xA;                  },&#xA;                  {&#xA;                    &#34;name&#34;: &#34;estimateGas&#34;&#xA;                  },&#xA;                  {&#xA;                    &#34;name&#34;: &#34;rawHeader&#34;&#xA;                  },&#xA;                  {&#xA;                    &#34;name&#34;: &#34;raw&#34;&#xA;                  }&#xA;                ]&#xA;              }&#xA;            },&#xA;            {&#xA;              &#34;type&#34;: {&#xA;                &#34;fields&#34;: null&#xA;              }&#xA;            },&#xA;            {&#xA;              &#34;type&#34;: {&#xA;                &#34;fields&#34;: null&#xA;              }&#xA;            },&#xA;            {&#xA;              &#34;type&#34;: {&#xA;                &#34;fields&#34;: null&#xA;              }&#xA;            },&#xA;            {&#xA;              &#34;type&#34;: {&#xA;                &#34;fields&#34;: null&#xA;              }&#xA;            },&#xA;            {&#xA;              &#34;type&#34;: {&#xA;                &#34;fields&#34;: [&#xA;                  {&#xA;                    &#34;name&#34;: &#34;address&#34;&#xA;                  },&#xA;                  {&#xA;                    &#34;name&#34;: &#34;balance&#34;&#xA;                  },&#xA;                  {&#xA;                    &#34;name&#34;: &#34;transactionCount&#34;&#xA;                  },&#xA;                  {&#xA;                    &#34;name&#34;: &#34;code&#34;&#xA;                  },&#xA;                  {&#xA;                    &#34;name&#34;: &#34;storage&#34;&#xA;                  }&#xA;                ]&#xA;              }&#xA;            },&#xA;            {&#xA;              &#34;type&#34;: {&#xA;                &#34;fields&#34;: null&#xA;              }&#xA;            },&#xA;            {&#xA;              &#34;type&#34;: {&#xA;                &#34;fields&#34;: null&#xA;              }&#xA;            },&#xA;            {&#xA;              &#34;type&#34;: {&#xA;                &#34;fields&#34;: null&#xA;              }&#xA;            },&#xA;            {&#xA;              &#34;type&#34;: {&#xA;                &#34;fields&#34;: null&#xA;              }&#xA;            },&#xA;            {&#xA;              &#34;type&#34;: {&#xA;                &#34;fields&#34;: null&#xA;              }&#xA;            },&#xA;            {&#xA;              &#34;type&#34;: {&#xA;                &#34;fields&#34;: null&#xA;              }&#xA;            },&#xA;            {&#xA;              &#34;type&#34;: {&#xA;                &#34;fields&#34;: null&#xA;              }&#xA;            },&#xA;            {&#xA;              &#34;type&#34;: {&#xA;                &#34;fields&#34;: null&#xA;              }&#xA;            }&#xA;          ]&#xA;        },&#xA;        {&#xA;          &#34;fields&#34;: [&#xA;            {&#xA;              &#34;type&#34;: {&#xA;                &#34;fields&#34;: null&#xA;              }&#xA;            },&#xA;            {&#xA;              &#34;type&#34;: {&#xA;                &#34;fields&#34;: null&#xA;              }&#xA;            },&#xA;            {&#xA;              &#34;type&#34;: {&#xA;                &#34;fields&#34;: null&#xA;              }&#xA;            },&#xA;            {&#xA;              &#34;type&#34;: {&#xA;                &#34;fields&#34;: null&#xA;              }&#xA;            }&#xA;          ]&#xA;        },&#xA;        {&#xA;          &#34;fields&#34;: null&#xA;        },&#xA;        {&#xA;          &#34;fields&#34;: [&#xA;            {&#xA;              &#34;type&#34;: {&#xA;                &#34;fields&#34;: null&#xA;              }&#xA;            },&#xA;            {&#xA;              &#34;type&#34;: {&#xA;                &#34;fields&#34;: null&#xA;              }&#xA;            },&#xA;            {&#xA;              &#34;type&#34;: {&#xA;                &#34;fields&#34;: null&#xA;              }&#xA;            },&#xA;            {&#xA;              &#34;type&#34;: {&#xA;                &#34;fields&#34;: null&#xA;              }&#xA;            }&#xA;          ]&#xA;        },&#xA;        {&#xA;          &#34;fields&#34;: [&#xA;            {&#xA;              &#34;type&#34;: {&#xA;                &#34;fields&#34;: null&#xA;              }&#xA;            },&#xA;            {&#xA;              &#34;type&#34;: {&#xA;                &#34;fields&#34;: null&#xA;              }&#xA;            },&#xA;            {&#xA;              &#34;type&#34;: {&#xA;                &#34;fields&#34;: null&#xA;              }&#xA;            },&#xA;            {&#xA;              &#34;type&#34;: {&#xA;                &#34;fields&#34;: null&#xA;              }&#xA;            },&#xA;            {&#xA;              &#34;type&#34;: {&#xA;                &#34;fields&#34;: null&#xA;              }&#xA;            },&#xA;            {&#xA;              &#34;type&#34;: {&#xA;                &#34;fields&#34;: null&#xA;              }&#xA;            }&#xA;          ]&#xA;        },&#xA;        {&#xA;          &#34;fields&#34;: [&#xA;            {&#xA;              &#34;type&#34;: {&#xA;                &#34;fields&#34;: null&#xA;              }&#xA;            },&#xA;            {&#xA;              &#34;type&#34;: {&#xA;                &#34;fields&#34;: null&#xA;              }&#xA;            },&#xA;            {&#xA;              &#34;type&#34;: {&#xA;                &#34;fields&#34;: null&#xA;              }&#xA;            },&#xA;            {&#xA;              &#34;type&#34;: {&#xA;                &#34;fields&#34;: null&#xA;              }&#xA;            }&#xA;          ]&#xA;        },&#xA;        {&#xA;          &#34;fields&#34;: [&#xA;            {&#xA;              &#34;type&#34;: {&#xA;                &#34;fields&#34;: null&#xA;              }&#xA;            },&#xA;            {&#xA;              &#34;type&#34;: {&#xA;                &#34;fields&#34;: null&#xA;              }&#xA;            },&#xA;            {&#xA;              &#34;type&#34;: {&#xA;                &#34;fields&#34;: [&#xA;                  {&#xA;                    &#34;name&#34;: &#34;kind&#34;&#xA;                  },&#xA;                  {&#xA;                    &#34;name&#34;: &#34;name&#34;&#xA;                  },&#xA;                  {&#xA;                    &#34;name&#34;: &#34;description&#34;&#xA;                  },&#xA;                  {&#xA;                    &#34;name&#34;: &#34;fields&#34;&#xA;                  },&#xA;                  {&#xA;                    &#34;name&#34;: &#34;interfaces&#34;&#xA;                  },&#xA;                  {&#xA;                    &#34;name&#34;: &#34;possibleTypes&#34;&#xA;                  },&#xA;                  {&#xA;                    &#34;name&#34;: &#34;enumValues&#34;&#xA;                  },&#xA;                  {&#xA;                    &#34;name&#34;: &#34;inputFields&#34;&#xA;                  },&#xA;                  {&#xA;                    &#34;name&#34;: &#34;ofType&#34;&#xA;                  }&#xA;                ]&#xA;              }&#xA;            },&#xA;            {&#xA;              &#34;type&#34;: {&#xA;                &#34;fields&#34;: [&#xA;                  {&#xA;                    &#34;name&#34;: &#34;kind&#34;&#xA;                  },&#xA;                  {&#xA;                    &#34;name&#34;: &#34;name&#34;&#xA;                  },&#xA;                  {&#xA;                    &#34;name&#34;: &#34;description&#34;&#xA;                  },&#xA;                  {&#xA;                    &#34;name&#34;: &#34;fields&#34;&#xA;                  },&#xA;                  {&#xA;                    &#34;name&#34;: &#34;interfaces&#34;&#xA;                  },&#xA;                  {&#xA;                    &#34;name&#34;: &#34;possibleTypes&#34;&#xA;                  },&#xA;                  {&#xA;                    &#34;name&#34;: &#34;enumValues&#34;&#xA;                  },&#xA;                  {&#xA;                    &#34;name&#34;: &#34;inputFields&#34;&#xA;                  },&#xA;                  {&#xA;                    &#34;name&#34;: &#34;ofType&#34;&#xA;                  }&#xA;                ]&#xA;              }&#xA;            },&#xA;            {&#xA;              &#34;type&#34;: {&#xA;                &#34;fields&#34;: null&#xA;              }&#xA;            }&#xA;          ]&#xA;        },&#xA;        {&#xA;          &#34;fields&#34;: [&#xA;            {&#xA;              &#34;type&#34;: {&#xA;                &#34;fields&#34;: null&#xA;              }&#xA;            },&#xA;            {&#xA;              &#34;type&#34;: {&#xA;                &#34;fields&#34;: null&#xA;              }&#xA;            },&#xA;            {&#xA;              &#34;type&#34;: {&#xA;                &#34;fields&#34;: null&#xA;              }&#xA;            },&#xA;            {&#xA;              &#34;type&#34;: {&#xA;                &#34;fields&#34;: null&#xA;              }&#xA;            },&#xA;            {&#xA;              &#34;type&#34;: {&#xA;                &#34;fields&#34;: null&#xA;              }&#xA;            },&#xA;            {&#xA;              &#34;type&#34;: {&#xA;                &#34;fields&#34;: null&#xA;              }&#xA;            },&#xA;            {&#xA;              &#34;type&#34;: {&#xA;                &#34;fields&#34;: null&#xA;              }&#xA;            },&#xA;            {&#xA;              &#34;type&#34;: {&#xA;                &#34;fields&#34;: null&#xA;              }&#xA;            },&#xA;            {&#xA;              &#34;type&#34;: {&#xA;                &#34;fields&#34;: [&#xA;                  {&#xA;                    &#34;name&#34;: &#34;kind&#34;&#xA;                  },&#xA;                  {&#xA;                    &#34;name&#34;: &#34;name&#34;&#xA;                  },&#xA;                  {&#xA;                    &#34;name&#34;: &#34;description&#34;&#xA;                  },&#xA;                  {&#xA;                    &#34;name&#34;: &#34;fields&#34;&#xA;                  },&#xA;                  {&#xA;                    &#34;name&#34;: &#34;interfaces&#34;&#xA;                  },&#xA;                  {&#xA;                    &#34;name&#34;: &#34;possibleTypes&#34;&#xA;                  },&#xA;                  {&#xA;                    &#34;name&#34;: &#34;enumValues&#34;&#xA;                  },&#xA;                  {&#xA;                    &#34;name&#34;: &#34;inputFields&#34;&#xA;                  },&#xA;                  {&#xA;                    &#34;name&#34;: &#34;ofType&#34;&#xA;                  }&#xA;                ]&#xA;              }&#xA;            }&#xA;          ]&#xA;        },&#xA;        {&#xA;          &#34;fields&#34;: null&#xA;        }&#xA;      ]&#xA;    }&#xA;  }&#xA;}&#xA;</failure>
  </testcase>
  <testcase id="39" name="client launch (go-ethereum_latest)" time="0.484494">This is a meta-test. It launches the client with the test chain&#xA;and reads the test case files. The individual test cases are run as sub-tests against&#xA;the client launched by this test.</testcase>
  <testcase id="40" name="09_eth_getBalance_invalidAccountBlockNumber (go-ethereum_latest)" time="0.00049">Test case source: https://github.com/ethereum/hive/blob/master/simulators/ethereum/graphql/testcases/09_eth_getBalance_invalidAccountBlockNumber.json</testcase>
  <testcase id="41" name="11_eth_getBalance_latest (go-ethereum_latest)" time="0.000464">Test case source: https://github.com/ethereum/hive/blob/master/simulators/ethereum/graphql/testcases/11_eth_getBalance_latest.json</testcase>
  <testcase id="42" name="20_eth_getBlockTransactionCount_byNumber (go-ethereum_latest)" time="0.000835">Test case source: https://github.com/ethereum/hive/blob/master/simulators/ethereum/graphql/testcases/20_eth_getBlockTransactionCount_byNumber.json</testcase>
  <testcase id="43" name="29_eth_getTransaction_byBlockNumberAndInvalidIndex (go-ethereum_latest)" time="0.000856">Test case source: https://github.com/ethereum/hive/blob/master/simulators/ethereum/graphql/testcases/29_eth_getTransaction_byBlockNumberAndInvalidIndex.json</testcase>
  <testcase id="44" name="31_eth_getTransaction_byHashNull (go-ethereum_latest)" time="0.000576">Test case source: https://github.com/ethereum/hive/blob/master/simulators/ethereum/graphql/testcases/31_eth_getTransaction_byHashNull.json</testcase>
  <testcase id="45" name="40_eth_syncing (go-ethereum_latest)" time="0.00059">Test case source: https://github.com/ethereum/hive/blob/master/simulators/ethereum/graphql/testcases/40_eth_syncing.json
   <failure message="Error" type="ERROR">HTTP response code is 400, want 200 &#xA; response body: {&#34;errors&#34;:[{&#34;message&#34;:&#34;Cannot query field \&#34;pulledStates\&#34; on type \&#34;SyncState\&#34;.&#34;,&#34;locations&#34;:[{&#34;line&#34;:1,&#34;column&#34;:52}]},{&#34;message&#34;:&#34;Cannot query field \&#34;knownStates\&#34; on type \&#34;SyncState\&#34;.&#34;,&#34;locations&#34;:[{&#34;line&#34;:1,&#34;column&#34;:65}]}]}&#xA;</failure>
  </testcase>
  <testcase id="46" name="07_eth_gasPrice (go-ethereum_latest)" time="0.00082">Test case source: https://github.com/ethereum/hive/blob/master/simulators/ethereum/graphql/testcases/07_eth_gasPrice.json
   <failure message="Error" type="ERROR">Test failed.&#xA;HTTP response code: 200 OK&#xA;expected value(s):&#xA;{&#xA;  &#34;data&#34;: {&#xA;    &#34;gasPrice&#34;: &#34;0x10&#34;&#xA;  }&#xA;} &#xA;_____________________&#xA;&#xA;{&#xA;  &#34;data&#34;: {&#xA;    &#34;gasPrice&#34;: &#34;0x1&#34;&#xA;  }&#xA;} &#xA;_____________________&#xA;&#xA;got: {&#xA;  &#34;data&#34;: {&#xA;    &#34;gasPrice&#34;: &#34;0x3b9aca000&#34;&#xA;  }&#xA;}&#xA;</failure>
  </testcase>
 </testsuite>
 <testsuite id="8" name="sync" tests="1" failures="1" time="1.815774">This suite of tests verifies that clients can sync from each other in different modes.&#xA;For each client, we test if it can serve as a sync source for all other clients (including itself).
  <testcase id="1" name="nethermind_latest as sync source" time="1.815774">This loads the test chain into the client and verifies whether it was imported correctly.
   <failure message="Error" type="ERROR">Test was terminated by host</failure>
  </testcase>
 </testsuite>
 <testsuite id="9" name="sync" tests="1" failures="1" time="5.044669">This suite of tests verifies that clients can sync from each other in different modes.&#xA;For each client, we test if it can serve as a sync source for all other clients (including itself).
  <testcase id="1" name="besu_latest as sync source" time="5.044669">This loads the test chain into the client and verifies whether it was imported correctly.
   <failure message="Error" type="ERROR">Test was terminated by host</failure>
  </testcase>
 </testsuite>
 <testsuite id="10" name="sync" tests="4" failures="3" time="161.611451">This suite of tests verifies that clients can sync from each other in different modes.&#xA;For each client, we test if it can serve as a sync source for all other clients (including itself).
  <testcase id="1" name="sync aleth_nightly -&gt; openethereum_latest" time="2.130527">This test attempts to sync the chain from a aleth_nightly node.
   <failure message="Error" type="ERROR">Test was terminated by host</failure>
  </testcase>
  <testcase id="2" name="aleth_nightly as sync source" time="91.426864">This loads the test chain into the client and verifies whether it was imported correctly.
   <failure message="Error" type="ERROR">Test was terminated by host</failure>
  </testcase>
  <testcase id="3" name="sync aleth_nightly -&gt; aleth_nightly" time="22.261888">This test attempts to sync the chain from a aleth_nightly node.</testcase>
  <testcase id="4" name="sync aleth_nightly -&gt; go-ethereum_latest" time="45.792172">This test attempts to sync the chain from a aleth_nightly node.
   <failure message="Error" type="ERROR">sync failed: timeout (45s elapsed, current head is 0)&#xA;</failure>
  </testcase>
 </testsuite>
</testsuites>